                      :-) GROMACS - gmx mdrun, 2019.4 (-:

                            GROMACS is written by:
     Emile Apol      Rossen Apostolov      Paul Bauer     Herman J.C. Berendsen
    Par Bjelkmar      Christian Blau   Viacheslav Bolnykh     Kevin Boyd    
 Aldert van Buuren   Rudi van Drunen     Anton Feenstra       Alan Gray     
  Gerrit Groenhof     Anca Hamuraru    Vincent Hindriksen  M. Eric Irrgang  
  Aleksei Iupinov   Christoph Junghans     Joe Jordan     Dimitrios Karkoulis
    Peter Kasson        Jiri Kraus      Carsten Kutzner      Per Larsson    
  Justin A. Lemkul    Viveca Lindahl    Magnus Lundborg     Erik Marklund   
    Pascal Merz     Pieter Meulenhoff    Teemu Murtola       Szilard Pall   
    Sander Pronk      Roland Schulz      Michael Shirts    Alexey Shvetsov  
   Alfons Sijbers     Peter Tieleman      Jon Vincent      Teemu Virolainen 
 Christian Wennberg    Maarten Wolf   
                           and the project leaders:
        Mark Abraham, Berk Hess, Erik Lindahl, and David van der Spoel

Copyright (c) 1991-2000, University of Groningen, The Netherlands.
Copyright (c) 2001-2018, The GROMACS development team at
Uppsala University, Stockholm University and
the Royal Institute of Technology, Sweden.
check out http://www.gromacs.org for more information.

GROMACS is free software; you can redistribute it and/or modify it
under the terms of the GNU Lesser General Public License
as published by the Free Software Foundation; either version 2.1
of the License, or (at your option) any later version.

GROMACS:      gmx mdrun, version 2019.4
Executable:   /localdisk/local/gromacs/2019.4/bin/gmx_2019.4
Data prefix:  /localdisk/local/gromacs/2019.4
Working dir:  /koti/pleprovo/teaching/in_silico_methodologies/2020/practicals/ISM2020_practical_session_7_md/03_protein_g
Process ID:   10035
Command line:
  gmx_2019.4 mdrun -deffnm npt_2fs -v

GROMACS version:    2019.4
Precision:          single
Memory model:       64 bit
MPI library:        thread_mpi
OpenMP support:     enabled (GMX_OPENMP_MAX_THREADS = 64)
GPU support:        CUDA
SIMD instructions:  AVX2_256
FFT library:        fftw-3.3.8-sse2-avx-avx2-avx2_128-avx512
RDTSCP usage:       enabled
TNG support:        enabled
Hwloc support:      hwloc-1.11.0
Tracing support:    disabled
C compiler:         /usr/bin/cc GNU 5.4.0
C compiler flags:    -mavx2 -mfma     -O3 -DNDEBUG -funroll-all-loops -fexcess-precision=fast  
C++ compiler:       /usr/bin/c++ GNU 5.4.0
C++ compiler flags:  -mavx2 -mfma    -std=c++11   -O3 -DNDEBUG -funroll-all-loops -fexcess-precision=fast  
CUDA compiler:      /localdisk/local/cuda/bin/nvcc nvcc: NVIDIA (R) Cuda compiler driver;Copyright (c) 2005-2017 NVIDIA Corporation;Built on Fri_Sep__1_21:08:03_CDT_2017;Cuda compilation tools, release 9.0, V9.0.176
CUDA compiler flags:-gencode;arch=compute_30,code=sm_30;-gencode;arch=compute_35,code=sm_35;-gencode;arch=compute_37,code=sm_37;-gencode;arch=compute_50,code=sm_50;-gencode;arch=compute_52,code=sm_52;-gencode;arch=compute_60,code=sm_60;-gencode;arch=compute_61,code=sm_61;-gencode;arch=compute_70,code=sm_70;-gencode;arch=compute_70,code=compute_70;-use_fast_math;-D_FORCE_INLINES;; ;-mavx2;-mfma;-std=c++11;-O3;-DNDEBUG;-funroll-all-loops;-fexcess-precision=fast;
CUDA driver:        9.10
CUDA runtime:       9.0


Running on 1 node with total 4 cores, 4 logical cores, 1 compatible GPU
Hardware detected:
  CPU info:
    Vendor: Intel
    Brand:  Intel(R) Core(TM) i5-4590 CPU @ 3.30GHz
    Family: 6   Model: 60   Stepping: 3
    Features: aes apic avx avx2 clfsh cmov cx8 cx16 f16c fma htt intel lahf mmx msr nonstop_tsc pcid pclmuldq pdcm pdpe1gb popcnt pse rdrnd rdtscp sse2 sse3 sse4.1 sse4.2 ssse3 tdt x2apic
  Hardware topology: Full, with devices
    Sockets, cores, and logical processors:
      Socket  0: [   0] [   1] [   2] [   3]
    Numa nodes:
      Node  0 (8302153728 bytes mem):   0   1   2   3
      Latency:
               0
         0  1.00
    Caches:
      L1: 32768 bytes, linesize 64 bytes, assoc. 8, shared 1 ways
      L2: 262144 bytes, linesize 64 bytes, assoc. 8, shared 1 ways
      L3: 6291456 bytes, linesize 64 bytes, assoc. 12, shared 4 ways
    PCI devices:
      0000:01:00.0  Id: 10de:13bb  Class: 0x0300  Numa: 0
      0000:00:19.0  Id: 8086:153a  Class: 0x0200  Numa: 0
      0000:00:1f.2  Id: 8086:8c02  Class: 0x0106  Numa: 0
  GPU info:
    Number of GPUs detected: 1
    #0: NVIDIA Quadro K620, compute cap.: 5.0, ECC:  no, stat: compatible


++++ PLEASE READ AND CITE THE FOLLOWING REFERENCE ++++
M. J. Abraham, T. Murtola, R. Schulz, S. Páll, J. C. Smith, B. Hess, E.
Lindahl
GROMACS: High performance molecular simulations through multi-level
parallelism from laptops to supercomputers
SoftwareX 1 (2015) pp. 19-25
-------- -------- --- Thank You --- -------- --------


++++ PLEASE READ AND CITE THE FOLLOWING REFERENCE ++++
S. Páll, M. J. Abraham, C. Kutzner, B. Hess, E. Lindahl
Tackling Exascale Software Challenges in Molecular Dynamics Simulations with
GROMACS
In S. Markidis & E. Laure (Eds.), Solving Software Challenges for Exascale 8759 (2015) pp. 3-27
-------- -------- --- Thank You --- -------- --------


++++ PLEASE READ AND CITE THE FOLLOWING REFERENCE ++++
S. Pronk, S. Páll, R. Schulz, P. Larsson, P. Bjelkmar, R. Apostolov, M. R.
Shirts, J. C. Smith, P. M. Kasson, D. van der Spoel, B. Hess, and E. Lindahl
GROMACS 4.5: a high-throughput and highly parallel open source molecular
simulation toolkit
Bioinformatics 29 (2013) pp. 845-54
-------- -------- --- Thank You --- -------- --------


++++ PLEASE READ AND CITE THE FOLLOWING REFERENCE ++++
B. Hess and C. Kutzner and D. van der Spoel and E. Lindahl
GROMACS 4: Algorithms for highly efficient, load-balanced, and scalable
molecular simulation
J. Chem. Theory Comput. 4 (2008) pp. 435-447
-------- -------- --- Thank You --- -------- --------


++++ PLEASE READ AND CITE THE FOLLOWING REFERENCE ++++
D. van der Spoel, E. Lindahl, B. Hess, G. Groenhof, A. E. Mark and H. J. C.
Berendsen
GROMACS: Fast, Flexible and Free
J. Comp. Chem. 26 (2005) pp. 1701-1719
-------- -------- --- Thank You --- -------- --------


++++ PLEASE READ AND CITE THE FOLLOWING REFERENCE ++++
E. Lindahl and B. Hess and D. van der Spoel
GROMACS 3.0: A package for molecular simulation and trajectory analysis
J. Mol. Mod. 7 (2001) pp. 306-317
-------- -------- --- Thank You --- -------- --------


++++ PLEASE READ AND CITE THE FOLLOWING REFERENCE ++++
H. J. C. Berendsen, D. van der Spoel and R. van Drunen
GROMACS: A message-passing parallel molecular dynamics implementation
Comp. Phys. Comm. 91 (1995) pp. 43-56
-------- -------- --- Thank You --- -------- --------


++++ PLEASE CITE THE DOI FOR THIS VERSION OF GROMACS ++++
https://doi.org/10.5281/zenodo.3460414
-------- -------- --- Thank You --- -------- --------

Input Parameters:
   integrator                     = md
   tinit                          = 0
   dt                             = 0.002
   nsteps                         = 50000
   init-step                      = 0
   simulation-part                = 1
   comm-mode                      = Linear
   nstcomm                        = 100
   bd-fric                        = 0
   ld-seed                        = -699244709
   emtol                          = 10
   emstep                         = 0.01
   niter                          = 20
   fcstep                         = 0
   nstcgsteep                     = 1000
   nbfgscorr                      = 10
   rtpi                           = 0.05
   nstxout                        = 0
   nstvout                        = 0
   nstfout                        = 0
   nstlog                         = 1000
   nstcalcenergy                  = 100
   nstenergy                      = 100
   nstxout-compressed             = 1000
   compressed-x-precision         = 100
   cutoff-scheme                  = Verlet
   nstlist                        = 20
   ns-type                        = Grid
   pbc                            = xyz
   periodic-molecules             = false
   verlet-buffer-tolerance        = 0.005
   rlist                          = 1.1
   coulombtype                    = Reaction-Field
   coulomb-modifier               = Potential-shift
   rcoulomb-switch                = 0
   rcoulomb                       = 1.1
   epsilon-r                      = 15
   epsilon-rf                     = inf
   vdw-type                       = Cut-off
   vdw-modifier                   = Potential-shift
   rvdw-switch                    = 0
   rvdw                           = 1.1
   DispCorr                       = No
   table-extension                = 1
   fourierspacing                 = 0.12
   fourier-nx                     = 0
   fourier-ny                     = 0
   fourier-nz                     = 0
   pme-order                      = 4
   ewald-rtol                     = 1e-05
   ewald-rtol-lj                  = 0.001
   lj-pme-comb-rule               = Geometric
   ewald-geometry                 = 0
   epsilon-surface                = 0
   tcoupl                         = Berendsen
   nsttcouple                     = 20
   nh-chain-length                = 0
   print-nose-hoover-chain-variables = false
   pcoupl                         = Berendsen
   pcoupltype                     = Isotropic
   nstpcouple                     = 20
   tau-p                          = 12
   compressibility (3x3):
      compressibility[    0]={ 3.00000e-04,  0.00000e+00,  0.00000e+00}
      compressibility[    1]={ 0.00000e+00,  3.00000e-04,  0.00000e+00}
      compressibility[    2]={ 0.00000e+00,  0.00000e+00,  3.00000e-04}
   ref-p (3x3):
      ref-p[    0]={ 1.00000e+00,  0.00000e+00,  0.00000e+00}
      ref-p[    1]={ 0.00000e+00,  1.00000e+00,  0.00000e+00}
      ref-p[    2]={ 0.00000e+00,  0.00000e+00,  1.00000e+00}
   refcoord-scaling               = COM
   posres-com (3):
      posres-com[0]= 4.96879e-01
      posres-com[1]= 4.93274e-01
      posres-com[2]= 5.09733e-01
   posres-comB (3):
      posres-comB[0]= 4.96879e-01
      posres-comB[1]= 4.93274e-01
      posres-comB[2]= 5.09733e-01
   QMMM                           = false
   QMconstraints                  = 0
   QMMMscheme                     = 0
   MMChargeScaleFactor            = 1
qm-opts:
   ngQM                           = 0
   constraint-algorithm           = Lincs
   continuation                   = false
   Shake-SOR                      = false
   shake-tol                      = 0.0001
   lincs-order                    = 4
   lincs-iter                     = 1
   lincs-warnangle                = 30
   nwall                          = 0
   wall-type                      = 9-3
   wall-r-linpot                  = -1
   wall-atomtype[0]               = -1
   wall-atomtype[1]               = -1
   wall-density[0]                = 0
   wall-density[1]                = 0
   wall-ewald-zfac                = 3
   pull                           = false
   awh                            = false
   rotation                       = false
   interactiveMD                  = false
   disre                          = No
   disre-weighting                = Conservative
   disre-mixed                    = false
   dr-fc                          = 1000
   dr-tau                         = 0
   nstdisreout                    = 100
   orire-fc                       = 0
   orire-tau                      = 0
   nstorireout                    = 100
   free-energy                    = no
   cos-acceleration               = 0
   deform (3x3):
      deform[    0]={ 0.00000e+00,  0.00000e+00,  0.00000e+00}
      deform[    1]={ 0.00000e+00,  0.00000e+00,  0.00000e+00}
      deform[    2]={ 0.00000e+00,  0.00000e+00,  0.00000e+00}
   simulated-tempering            = false
   swapcoords                     = no
   userint1                       = 0
   userint2                       = 0
   userint3                       = 0
   userint4                       = 0
   userreal1                      = 0
   userreal2                      = 0
   userreal3                      = 0
   userreal4                      = 0
   applied-forces:
     electric-field:
       x:
         E0                       = 0
         omega                    = 0
         t0                       = 0
         sigma                    = 0
       y:
         E0                       = 0
         omega                    = 0
         t0                       = 0
         sigma                    = 0
       z:
         E0                       = 0
         omega                    = 0
         t0                       = 0
         sigma                    = 0
grpopts:
   nrdf:        3255
   ref-t:         300
   tau-t:           2
annealing:          No
annealing-npoints:           0
   acc:	           0           0           0
   nfreeze:           N           N           N
   energygrp-flags[  0]: 0

Changing nstlist from 20 to 100, rlist from 1.1 to 1.142

Using 1 MPI thread
Using 4 OpenMP threads 

1 GPU selected for this run.
Mapping of GPU IDs to the 1 GPU task in the 1 rank on this node:
  PP:0
PP tasks will do (non-perturbed) short-ranged interactions on the GPU
Pinning threads with an auto-selected logical core stride of 1
System total charge: 0.000
Reaction-Field:
epsRF = 0, rc = 1.1, krf = 0.375657, crf = 1.36364, epsfac = 9.26236
The electrostatics potential has its minimum at r = 1.1
Potential shift: LJ r^-12: -3.186e-01 r^-6: -5.645e-01

Using GPU 8x8 nonbonded short-range kernels

Using a dual 8x4 pair-list setup updated with dynamic, rolling pruning:
  outer list: updated every 100 steps, buffer 0.042 nm, rlist 1.142 nm
  inner list: updated every  26 steps, buffer 0.001 nm, rlist 1.101 nm
At tolerance 0.005 kJ/mol/ps per atom, equivalent classical 1x1 list would be:
  outer list: updated every 100 steps, buffer 0.087 nm, rlist 1.187 nm
  inner list: updated every  26 steps, buffer 0.015 nm, rlist 1.115 nm

Using full Lennard-Jones parameter combination matrix

Removing pbc first time

Initializing LINear Constraint Solver

++++ PLEASE READ AND CITE THE FOLLOWING REFERENCE ++++
B. Hess
P-LINCS: A Parallel Linear Constraint Solver for molecular simulation
J. Chem. Theory Comput. 4 (2008) pp. 116-122
-------- -------- --- Thank You --- -------- --------

The number of constraints is 60
29 constraints are involved in constraint triangles,
will apply an additional matrix expansion of order 4 for couplings
between constraints inside triangles
Center of mass motion removal mode is Linear
We have the following groups for center of mass motion removal:
  0:  rest

++++ PLEASE READ AND CITE THE FOLLOWING REFERENCE ++++
H. J. C. Berendsen, J. P. M. Postma, A. DiNola and J. R. Haak
Molecular dynamics with coupling to an external bath
J. Chem. Phys. 81 (1984) pp. 3684-3690
-------- -------- --- Thank You --- -------- --------

There are: 1106 Atoms

Constraining the starting coordinates (step 0)

Constraining the coordinates at t0-dt (step 0)
RMS relative constraint deviation after constraining: 5.82e-07
Initial temperature: 300.071 K

Started mdrun on rank 0 Tue Jan 28 07:13:55 2020

           Step           Time
              0        0.00000

   Energies (kJ/mol)
           Bond       G96Angle    Proper Dih.  Improper Dih.        LJ (SR)
    5.90041e+01    7.34495e+01    2.45802e+00    7.51075e+00   -3.30102e+04
   Coulomb (SR) Position Rest.      Potential    Kinetic En.   Total Energy
   -2.29872e+02    1.04196e-03   -3.30976e+04    4.06049e+03   -2.90372e+04
  Conserved En.    Temperature Pressure (bar)   Constr. rmsd
   -2.90322e+04    3.00070e+02   -6.23856e+02    5.47639e-07

           Step           Time
           1000        2.00000

   Energies (kJ/mol)
           Bond       G96Angle    Proper Dih.  Improper Dih.        LJ (SR)
    9.61084e+01    8.22939e+01    7.44014e+00    1.40511e+01   -3.00353e+04
   Coulomb (SR) Position Rest.      Potential    Kinetic En.   Total Energy
   -2.25175e+02    3.61491e+01   -3.00244e+04    2.53693e+03   -2.74875e+04
  Conserved En.    Temperature Pressure (bar)   Constr. rmsd
   -2.90365e+04    1.87480e+02   -5.95109e+02    5.37544e-07

           Step           Time
           2000        4.00000

   Energies (kJ/mol)
           Bond       G96Angle    Proper Dih.  Improper Dih.        LJ (SR)
    8.54741e+01    9.39171e+01    9.29174e+00    6.95907e+00   -2.97366e+04
   Coulomb (SR) Position Rest.      Potential    Kinetic En.   Total Energy
   -2.24342e+02    5.99145e+01   -2.97053e+04    3.15008e+03   -2.65553e+04
  Conserved En.    Temperature Pressure (bar)   Constr. rmsd
   -2.90431e+04    2.32791e+02   -4.21930e+02    5.11119e-07

           Step           Time
           3000        6.00000

   Energies (kJ/mol)
           Bond       G96Angle    Proper Dih.  Improper Dih.        LJ (SR)
    1.06611e+02    1.04316e+02    9.52678e+00    1.07235e+01   -2.98172e+04
   Coulomb (SR) Position Rest.      Potential    Kinetic En.   Total Energy
   -2.27979e+02    6.18232e+01   -2.97522e+04    3.67896e+03   -2.60733e+04
  Conserved En.    Temperature Pressure (bar)   Constr. rmsd
   -2.90505e+04    2.71875e+02   -3.77424e+02    4.89400e-07

           Step           Time
           4000        8.00000

   Energies (kJ/mol)
           Bond       G96Angle    Proper Dih.  Improper Dih.        LJ (SR)
    8.89899e+01    9.89491e+01    5.86526e+00    1.11618e+01   -2.98636e+04
   Coulomb (SR) Position Rest.      Potential    Kinetic En.   Total Energy
   -2.24136e+02    6.79219e+01   -2.98148e+04    3.98134e+03   -2.58335e+04
  Conserved En.    Temperature Pressure (bar)   Constr. rmsd
   -2.90589e+04    2.94221e+02   -3.52124e+02    5.20248e-07

           Step           Time
           5000       10.00000

   Energies (kJ/mol)
           Bond       G96Angle    Proper Dih.  Improper Dih.        LJ (SR)
    1.26327e+02    9.69976e+01    8.34231e+00    1.57440e+01   -2.98979e+04
   Coulomb (SR) Position Rest.      Potential    Kinetic En.   Total Energy
   -2.20321e+02    5.88074e+01   -2.98120e+04    4.07317e+03   -2.57388e+04
  Conserved En.    Temperature Pressure (bar)   Constr. rmsd
   -2.90701e+04    3.01007e+02   -2.42032e+02    5.27145e-07

           Step           Time
           6000       12.00000

   Energies (kJ/mol)
           Bond       G96Angle    Proper Dih.  Improper Dih.        LJ (SR)
    1.17708e+02    8.75907e+01    1.80259e+01    1.09359e+01   -2.97779e+04
   Coulomb (SR) Position Rest.      Potential    Kinetic En.   Total Energy
   -2.16429e+02    5.87020e+01   -2.97013e+04    3.94814e+03   -2.57532e+04
  Conserved En.    Temperature Pressure (bar)   Constr. rmsd
   -2.90805e+04    2.91768e+02   -4.58814e+01    5.27425e-07

           Step           Time
           7000       14.00000

   Energies (kJ/mol)
           Bond       G96Angle    Proper Dih.  Improper Dih.        LJ (SR)
    1.18004e+02    1.12819e+02    1.06608e+01    7.75270e+00   -3.00533e+04
   Coulomb (SR) Position Rest.      Potential    Kinetic En.   Total Energy
   -2.29321e+02    6.19852e+01   -2.99714e+04    4.16044e+03   -2.58110e+04
  Conserved En.    Temperature Pressure (bar)   Constr. rmsd
   -2.90917e+04    3.07457e+02   -8.95606e+01    5.47909e-07

           Step           Time
           8000       16.00000

   Energies (kJ/mol)
           Bond       G96Angle    Proper Dih.  Improper Dih.        LJ (SR)
    1.36034e+02    1.00416e+02    3.70104e+00    7.53630e+00   -2.99825e+04
   Coulomb (SR) Position Rest.      Potential    Kinetic En.   Total Energy
   -2.14879e+02    5.92506e+01   -2.98904e+04    3.99593e+03   -2.58945e+04
  Conserved En.    Temperature Pressure (bar)   Constr. rmsd
   -2.91028e+04    2.95300e+02    2.44575e+01    5.47531e-07

           Step           Time
           9000       18.00000

   Energies (kJ/mol)
           Bond       G96Angle    Proper Dih.  Improper Dih.        LJ (SR)
    1.18182e+02    1.06948e+02    9.21268e+00    7.97850e+00   -3.01921e+04
   Coulomb (SR) Position Rest.      Potential    Kinetic En.   Total Energy
   -2.24825e+02    5.91855e+01   -3.01154e+04    4.14318e+03   -2.59722e+04
  Conserved En.    Temperature Pressure (bar)   Constr. rmsd
   -2.91126e+04    3.06181e+02   -5.41945e+01    5.95201e-07

           Step           Time
          10000       20.00000

   Energies (kJ/mol)
           Bond       G96Angle    Proper Dih.  Improper Dih.        LJ (SR)
    1.24301e+02    9.28862e+01    3.02420e+00    6.18492e+00   -3.02860e+04
   Coulomb (SR) Position Rest.      Potential    Kinetic En.   Total Energy
   -2.21069e+02    5.56892e+01   -3.02250e+04    4.20630e+03   -2.60187e+04
  Conserved En.    Temperature Pressure (bar)   Constr. rmsd
   -2.91216e+04    3.10846e+02   -1.19236e+02    4.74285e-07

           Step           Time
          11000       22.00000

   Energies (kJ/mol)
           Bond       G96Angle    Proper Dih.  Improper Dih.        LJ (SR)
    1.28382e+02    1.04343e+02    9.66008e+00    1.25626e+01   -3.03051e+04
   Coulomb (SR) Position Rest.      Potential    Kinetic En.   Total Energy
   -2.14515e+02    7.55642e+01   -3.01891e+04    4.12310e+03   -2.60660e+04
  Conserved En.    Temperature Pressure (bar)   Constr. rmsd
   -2.91312e+04    3.04698e+02   -8.67590e+01    4.31945e-07

           Step           Time
          12000       24.00000

   Energies (kJ/mol)
           Bond       G96Angle    Proper Dih.  Improper Dih.        LJ (SR)
    1.08735e+02    1.15182e+02    6.69727e+00    1.14737e+01   -3.03304e+04
   Coulomb (SR) Position Rest.      Potential    Kinetic En.   Total Energy
   -2.20021e+02    7.75155e+01   -3.02308e+04    4.13103e+03   -2.60998e+04
  Conserved En.    Temperature Pressure (bar)   Constr. rmsd
   -2.91409e+04    3.05283e+02   -2.46335e+01    5.33453e-07

           Step           Time
          13000       26.00000

   Energies (kJ/mol)
           Bond       G96Angle    Proper Dih.  Improper Dih.        LJ (SR)
    1.49281e+02    1.11256e+02    3.72250e+00    1.69193e+01   -3.04117e+04
   Coulomb (SR) Position Rest.      Potential    Kinetic En.   Total Energy
   -2.18681e+02    8.26689e+01   -3.02665e+04    4.13753e+03   -2.61290e+04
  Conserved En.    Temperature Pressure (bar)   Constr. rmsd
   -2.91508e+04    3.05764e+02   -1.25974e+02    4.94814e-07

           Step           Time
          14000       28.00000

   Energies (kJ/mol)
           Bond       G96Angle    Proper Dih.  Improper Dih.        LJ (SR)
    1.23890e+02    1.15070e+02    9.83813e+00    7.62507e+00   -3.02740e+04
   Coulomb (SR) Position Rest.      Potential    Kinetic En.   Total Energy
   -2.20258e+02    8.80039e+01   -3.01498e+04    3.98289e+03   -2.61669e+04
  Conserved En.    Temperature Pressure (bar)   Constr. rmsd
   -2.91601e+04    2.94336e+02    1.37799e+01    4.99578e-07

           Step           Time
          15000       30.00000

   Energies (kJ/mol)
           Bond       G96Angle    Proper Dih.  Improper Dih.        LJ (SR)
    1.14106e+02    1.14004e+02    4.96516e+00    9.10130e+00   -3.03776e+04
   Coulomb (SR) Position Rest.      Potential    Kinetic En.   Total Energy
   -2.20878e+02    9.20809e+01   -3.02642e+04    4.07177e+03   -2.61925e+04
  Conserved En.    Temperature Pressure (bar)   Constr. rmsd
   -2.91694e+04    3.00904e+02    3.04442e+00    4.37462e-07

           Step           Time
          16000       32.00000

   Energies (kJ/mol)
           Bond       G96Angle    Proper Dih.  Improper Dih.        LJ (SR)
    1.36828e+02    1.00529e+02    1.97843e+01    6.54819e+00   -3.04725e+04
   Coulomb (SR) Position Rest.      Potential    Kinetic En.   Total Energy
   -2.21649e+02    7.72399e+01   -3.03532e+04    4.13166e+03   -2.62215e+04
  Conserved En.    Temperature Pressure (bar)   Constr. rmsd
   -2.91785e+04    3.05330e+02   -1.01624e-02    5.00466e-07

           Step           Time
          17000       34.00000

   Energies (kJ/mol)
           Bond       G96Angle    Proper Dih.  Improper Dih.        LJ (SR)
    1.23686e+02    1.15906e+02    1.02089e+01    9.12492e+00   -3.03060e+04
   Coulomb (SR) Position Rest.      Potential    Kinetic En.   Total Energy
   -2.19971e+02    7.26128e+01   -3.01945e+04    3.99533e+03   -2.61991e+04
  Conserved En.    Temperature Pressure (bar)   Constr. rmsd
   -2.91883e+04    2.95255e+02    3.13262e+01    4.79808e-07

           Step           Time
          18000       36.00000

   Energies (kJ/mol)
           Bond       G96Angle    Proper Dih.  Improper Dih.        LJ (SR)
    1.09547e+02    1.17113e+02    1.05850e+01    1.19429e+01   -3.03461e+04
   Coulomb (SR) Position Rest.      Potential    Kinetic En.   Total Energy
   -2.23575e+02    6.49892e+01   -3.02555e+04    4.06437e+03   -2.61911e+04
  Conserved En.    Temperature Pressure (bar)   Constr. rmsd
   -2.91970e+04    3.00357e+02   -9.08715e+00    4.33724e-07

           Step           Time
          19000       38.00000

   Energies (kJ/mol)
           Bond       G96Angle    Proper Dih.  Improper Dih.        LJ (SR)
    1.46791e+02    1.21780e+02    1.02830e+01    1.23754e+01   -3.04280e+04
   Coulomb (SR) Position Rest.      Potential    Kinetic En.   Total Energy
   -2.23588e+02    8.79747e+01   -3.02724e+04    4.08683e+03   -2.61856e+04
  Conserved En.    Temperature Pressure (bar)   Constr. rmsd
   -2.92060e+04    3.02017e+02   -7.41201e+01    5.36276e-07

           Step           Time
          20000       40.00000

   Energies (kJ/mol)
           Bond       G96Angle    Proper Dih.  Improper Dih.        LJ (SR)
    1.15270e+02    1.05910e+02    1.62605e+01    1.12408e+01   -3.03974e+04
   Coulomb (SR) Position Rest.      Potential    Kinetic En.   Total Energy
   -2.17276e+02    7.29653e+01   -3.02931e+04    4.07750e+03   -2.62156e+04
  Conserved En.    Temperature Pressure (bar)   Constr. rmsd
   -2.92165e+04    3.01327e+02    5.07535e+01    5.16306e-07

           Step           Time
          21000       42.00000

   Energies (kJ/mol)
           Bond       G96Angle    Proper Dih.  Improper Dih.        LJ (SR)
    1.17217e+02    1.10078e+02    6.06923e+00    1.18325e+01   -3.04136e+04
   Coulomb (SR) Position Rest.      Potential    Kinetic En.   Total Energy
   -2.21310e+02    8.53209e+01   -3.03044e+04    4.06823e+03   -2.62361e+04
  Conserved En.    Temperature Pressure (bar)   Constr. rmsd
   -2.92248e+04    3.00642e+02   -9.57878e+01    4.81656e-07

           Step           Time
          22000       44.00000

   Energies (kJ/mol)
           Bond       G96Angle    Proper Dih.  Improper Dih.        LJ (SR)
    1.16736e+02    1.19699e+02    1.13212e+01    7.42558e+00   -3.04698e+04
   Coulomb (SR) Position Rest.      Potential    Kinetic En.   Total Energy
   -2.26203e+02    7.66427e+01   -3.03642e+04    4.09238e+03   -2.62718e+04
  Conserved En.    Temperature Pressure (bar)   Constr. rmsd
   -2.92344e+04    3.02427e+02   -1.05443e+01    6.00599e-07

           Step           Time
          23000       46.00000

   Energies (kJ/mol)
           Bond       G96Angle    Proper Dih.  Improper Dih.        LJ (SR)
    1.03841e+02    1.10449e+02    7.14664e+00    6.88240e+00   -3.04984e+04
   Coulomb (SR) Position Rest.      Potential    Kinetic En.   Total Energy
   -2.20286e+02    7.44642e+01   -3.04159e+04    4.15272e+03   -2.62632e+04
  Conserved En.    Temperature Pressure (bar)   Constr. rmsd
   -2.92447e+04    3.06886e+02   -4.31230e+01    4.82086e-07

           Step           Time
          24000       48.00000

   Energies (kJ/mol)
           Bond       G96Angle    Proper Dih.  Improper Dih.        LJ (SR)
    1.22657e+02    1.02114e+02    5.19736e+00    8.48192e+00   -3.03852e+04
   Coulomb (SR) Position Rest.      Potential    Kinetic En.   Total Energy
   -2.21599e+02    6.56320e+01   -3.03027e+04    4.05183e+03   -2.62509e+04
  Conserved En.    Temperature Pressure (bar)   Constr. rmsd
   -2.92545e+04    2.99431e+02   -1.45190e+01    4.85025e-07

           Step           Time
          25000       50.00000

   Energies (kJ/mol)
           Bond       G96Angle    Proper Dih.  Improper Dih.        LJ (SR)
    1.27472e+02    8.76204e+01    7.96590e+00    9.62132e+00   -3.04466e+04
   Coulomb (SR) Position Rest.      Potential    Kinetic En.   Total Energy
   -2.23178e+02    7.48185e+01   -3.03622e+04    4.11987e+03   -2.62424e+04
  Conserved En.    Temperature Pressure (bar)   Constr. rmsd
   -2.92647e+04    3.04458e+02   -6.96746e+01    5.81005e-07

           Step           Time
          26000       52.00000

   Energies (kJ/mol)
           Bond       G96Angle    Proper Dih.  Improper Dih.        LJ (SR)
    1.06138e+02    1.07921e+02    1.36323e+01    9.32481e+00   -3.03843e+04
   Coulomb (SR) Position Rest.      Potential    Kinetic En.   Total Energy
   -2.14112e+02    7.64157e+01   -3.02849e+04    4.04677e+03   -2.62382e+04
  Conserved En.    Temperature Pressure (bar)   Constr. rmsd
   -2.92744e+04    2.99056e+02    1.61450e+01    5.82125e-07

           Step           Time
          27000       54.00000

   Energies (kJ/mol)
           Bond       G96Angle    Proper Dih.  Improper Dih.        LJ (SR)
    9.73050e+01    9.77170e+01    6.40256e+00    4.39968e+00   -3.02462e+04
   Coulomb (SR) Position Rest.      Potential    Kinetic En.   Total Energy
   -2.19064e+02    6.22620e+01   -3.01971e+04    3.99512e+03   -2.62020e+04
  Conserved En.    Temperature Pressure (bar)   Constr. rmsd
   -2.92831e+04    2.95239e+02   -1.06602e+01    5.18595e-07

           Step           Time
          28000       56.00000

   Energies (kJ/mol)
           Bond       G96Angle    Proper Dih.  Improper Dih.        LJ (SR)
    1.10315e+02    1.15836e+02    7.37975e+00    7.87487e+00   -3.04004e+04
   Coulomb (SR) Position Rest.      Potential    Kinetic En.   Total Energy
   -2.20988e+02    8.84796e+01   -3.02915e+04    4.08493e+03   -2.62065e+04
  Conserved En.    Temperature Pressure (bar)   Constr. rmsd
   -2.92922e+04    3.01876e+02   -4.05546e+01    5.34396e-07

           Step           Time
          29000       58.00000

   Energies (kJ/mol)
           Bond       G96Angle    Proper Dih.  Improper Dih.        LJ (SR)
    1.21477e+02    1.11414e+02    1.24952e+01    1.38816e+01   -3.03332e+04
   Coulomb (SR) Position Rest.      Potential    Kinetic En.   Total Energy
   -2.22233e+02    9.45809e+01   -3.02016e+04    3.99194e+03   -2.62096e+04
  Conserved En.    Temperature Pressure (bar)   Constr. rmsd
   -2.93004e+04    2.95004e+02    7.48984e+01    4.83925e-07

           Step           Time
          30000       60.00000

   Energies (kJ/mol)
           Bond       G96Angle    Proper Dih.  Improper Dih.        LJ (SR)
    1.27293e+02    9.62838e+01    6.36964e+00    1.09669e+01   -3.03838e+04
   Coulomb (SR) Position Rest.      Potential    Kinetic En.   Total Energy
   -2.18461e+02    6.78418e+01   -3.02935e+04    4.07086e+03   -2.62227e+04
  Conserved En.    Temperature Pressure (bar)   Constr. rmsd
   -2.93089e+04    3.00837e+02   -3.10496e+01    4.75345e-07

           Step           Time
          31000       62.00000

   Energies (kJ/mol)
           Bond       G96Angle    Proper Dih.  Improper Dih.        LJ (SR)
    1.37744e+02    1.16811e+02    1.12787e+01    7.11102e+00   -3.04880e+04
   Coulomb (SR) Position Rest.      Potential    Kinetic En.   Total Energy
   -2.17510e+02    9.62876e+01   -3.03362e+04    4.08716e+03   -2.62491e+04
  Conserved En.    Temperature Pressure (bar)   Constr. rmsd
   -2.93182e+04    3.02042e+02   -9.89023e+01    5.37544e-07

           Step           Time
          32000       64.00000

   Energies (kJ/mol)
           Bond       G96Angle    Proper Dih.  Improper Dih.        LJ (SR)
    1.16242e+02    9.88957e+01    1.49466e+01    7.00900e+00   -3.05224e+04
   Coulomb (SR) Position Rest.      Potential    Kinetic En.   Total Energy
   -2.11432e+02    7.08582e+01   -3.04259e+04    4.17384e+03   -2.62520e+04
  Conserved En.    Temperature Pressure (bar)   Constr. rmsd
   -2.93280e+04    3.08447e+02   -8.04689e+01    5.85523e-07

           Step           Time
          33000       66.00000

   Energies (kJ/mol)
           Bond       G96Angle    Proper Dih.  Improper Dih.        LJ (SR)
    1.24614e+02    1.19314e+02    1.13379e+01    2.98582e+00   -3.04125e+04
   Coulomb (SR) Position Rest.      Potential    Kinetic En.   Total Energy
   -2.18657e+02    8.04933e+01   -3.02924e+04    4.06395e+03   -2.62285e+04
  Conserved En.    Temperature Pressure (bar)   Constr. rmsd
   -2.93371e+04    3.00326e+02    5.96337e+00    5.25344e-07

           Step           Time
          34000       68.00000

   Energies (kJ/mol)
           Bond       G96Angle    Proper Dih.  Improper Dih.        LJ (SR)
    1.19653e+02    9.11683e+01    1.44308e+01    1.56410e+01   -3.03633e+04
   Coulomb (SR) Position Rest.      Potential    Kinetic En.   Total Energy
   -2.19758e+02    6.19687e+01   -3.02802e+04    4.08090e+03   -2.61993e+04
  Conserved En.    Temperature Pressure (bar)   Constr. rmsd
   -2.93477e+04    3.01579e+02    2.25133e+01    4.46637e-07

           Step           Time
          35000       70.00000

   Energies (kJ/mol)
           Bond       G96Angle    Proper Dih.  Improper Dih.        LJ (SR)
    1.27419e+02    8.73578e+01    9.38475e+00    5.55398e+00   -3.01985e+04
   Coulomb (SR) Position Rest.      Potential    Kinetic En.   Total Energy
   -2.22326e+02    8.35239e+01   -3.01076e+04    3.92870e+03   -2.61789e+04
  Conserved En.    Temperature Pressure (bar)   Constr. rmsd
   -2.93582e+04    2.90331e+02    1.38988e+02    5.13258e-07

           Step           Time
          36000       72.00000

   Energies (kJ/mol)
           Bond       G96Angle    Proper Dih.  Improper Dih.        LJ (SR)
    1.35501e+02    1.06048e+02    4.41065e+00    4.54267e+00   -3.03523e+04
   Coulomb (SR) Position Rest.      Potential    Kinetic En.   Total Energy
   -2.20237e+02    8.35486e+01   -3.02385e+04    4.07906e+03   -2.61594e+04
  Conserved En.    Temperature Pressure (bar)   Constr. rmsd
   -2.93666e+04    3.01443e+02   -1.09631e+01    6.40068e-07

           Step           Time
          37000       74.00000

   Energies (kJ/mol)
           Bond       G96Angle    Proper Dih.  Improper Dih.        LJ (SR)
    1.13196e+02    1.04457e+02    9.57105e+00    1.19115e+01   -3.03832e+04
   Coulomb (SR) Position Rest.      Potential    Kinetic En.   Total Energy
   -2.21375e+02    8.06396e+01   -3.02848e+04    4.12160e+03   -2.61632e+04
  Conserved En.    Temperature Pressure (bar)   Constr. rmsd
   -2.93767e+04    3.04587e+02   -6.38558e+01    5.94256e-07

           Step           Time
          38000       76.00000

   Energies (kJ/mol)
           Bond       G96Angle    Proper Dih.  Improper Dih.        LJ (SR)
    1.19922e+02    9.71972e+01    5.68898e+00    7.23046e+00   -3.03832e+04
   Coulomb (SR) Position Rest.      Potential    Kinetic En.   Total Energy
   -2.19592e+02    7.32897e+01   -3.02994e+04    4.11342e+03   -2.61860e+04
  Conserved En.    Temperature Pressure (bar)   Constr. rmsd
   -2.93862e+04    3.03982e+02   -2.34493e+01    4.56018e-07

           Step           Time
          39000       78.00000

   Energies (kJ/mol)
           Bond       G96Angle    Proper Dih.  Improper Dih.        LJ (SR)
    1.21514e+02    1.09804e+02    8.08883e+00    9.26373e+00   -3.04289e+04
   Coulomb (SR) Position Rest.      Potential    Kinetic En.   Total Energy
   -2.24839e+02    7.68373e+01   -3.03283e+04    4.10049e+03   -2.62278e+04
  Conserved En.    Temperature Pressure (bar)   Constr. rmsd
   -2.93949e+04    3.03027e+02   -3.85197e+01    5.34119e-07

           Step           Time
          40000       80.00000

   Energies (kJ/mol)
           Bond       G96Angle    Proper Dih.  Improper Dih.        LJ (SR)
    9.46772e+01    1.04467e+02    9.20129e+00    8.93864e+00   -3.03425e+04
   Coulomb (SR) Position Rest.      Potential    Kinetic En.   Total Energy
   -2.24175e+02    5.51434e+01   -3.02942e+04    4.07914e+03   -2.62151e+04
  Conserved En.    Temperature Pressure (bar)   Constr. rmsd
   -2.94030e+04    3.01449e+02   -2.42329e+01    5.52751e-07

           Step           Time
          41000       82.00000

   Energies (kJ/mol)
           Bond       G96Angle    Proper Dih.  Improper Dih.        LJ (SR)
    1.25046e+02    1.04832e+02    5.77724e+00    1.31787e+01   -3.04595e+04
   Coulomb (SR) Position Rest.      Potential    Kinetic En.   Total Energy
   -2.26481e+02    7.09389e+01   -3.03662e+04    4.14697e+03   -2.62192e+04
  Conserved En.    Temperature Pressure (bar)   Constr. rmsd
   -2.94113e+04    3.06461e+02   -1.22257e+02    6.20289e-07

           Step           Time
          42000       84.00000

   Energies (kJ/mol)
           Bond       G96Angle    Proper Dih.  Improper Dih.        LJ (SR)
    1.29340e+02    1.06078e+02    8.49748e+00    3.66010e+00   -3.04446e+04
   Coulomb (SR) Position Rest.      Potential    Kinetic En.   Total Energy
   -2.22346e+02    7.17487e+01   -3.03476e+04    4.09212e+03   -2.62555e+04
  Conserved En.    Temperature Pressure (bar)   Constr. rmsd
   -2.94211e+04    3.02408e+02    3.66928e+00    5.62098e-07

           Step           Time
          43000       86.00000

   Energies (kJ/mol)
           Bond       G96Angle    Proper Dih.  Improper Dih.        LJ (SR)
    1.65063e+02    1.01953e+02    9.74956e+00    1.47073e+01   -3.04329e+04
   Coulomb (SR) Position Rest.      Potential    Kinetic En.   Total Energy
   -2.23363e+02    6.53094e+01   -3.02995e+04    4.00539e+03   -2.62941e+04
  Conserved En.    Temperature Pressure (bar)   Constr. rmsd
   -2.94311e+04    2.95999e+02    1.49464e+01    5.29722e-07

           Step           Time
          44000       88.00000

   Energies (kJ/mol)
           Bond       G96Angle    Proper Dih.  Improper Dih.        LJ (SR)
    1.17901e+02    1.11589e+02    1.13237e+01    4.76724e+00   -3.05341e+04
   Coulomb (SR) Position Rest.      Potential    Kinetic En.   Total Energy
   -2.26213e+02    6.49209e+01   -3.04498e+04    4.12432e+03   -2.63255e+04
  Conserved En.    Temperature Pressure (bar)   Constr. rmsd
   -2.94402e+04    3.04787e+02   -6.50179e+01    5.58399e-07

           Step           Time
          45000       90.00000

   Energies (kJ/mol)
           Bond       G96Angle    Proper Dih.  Improper Dih.        LJ (SR)
    1.33421e+02    1.19275e+02    9.54168e+00    1.64505e+01   -3.04742e+04
   Coulomb (SR) Position Rest.      Potential    Kinetic En.   Total Energy
   -2.20818e+02    7.72397e+01   -3.03391e+04    4.01044e+03   -2.63286e+04
  Conserved En.    Temperature Pressure (bar)   Constr. rmsd
   -2.94500e+04    2.96372e+02   -3.67753e+01    5.81667e-07

           Step           Time
          46000       92.00000

   Energies (kJ/mol)
           Bond       G96Angle    Proper Dih.  Improper Dih.        LJ (SR)
    1.39923e+02    1.04073e+02    1.29003e+01    1.39801e+01   -3.04339e+04
   Coulomb (SR) Position Rest.      Potential    Kinetic En.   Total Energy
   -2.22697e+02    9.17453e+01   -3.02940e+04    3.96974e+03   -2.63242e+04
  Conserved En.    Temperature Pressure (bar)   Constr. rmsd
   -2.94596e+04    2.93364e+02    7.59967e+01    5.69892e-07

           Step           Time
          47000       94.00000

   Energies (kJ/mol)
           Bond       G96Angle    Proper Dih.  Improper Dih.        LJ (SR)
    1.17183e+02    1.17534e+02    1.12262e+01    7.57916e+00   -3.05769e+04
   Coulomb (SR) Position Rest.      Potential    Kinetic En.   Total Energy
   -2.25385e+02    8.64763e+01   -3.04623e+04    4.11172e+03   -2.63506e+04
  Conserved En.    Temperature Pressure (bar)   Constr. rmsd
   -2.94684e+04    3.03857e+02   -2.51157e+01    4.73222e-07

           Step           Time
          48000       96.00000

   Energies (kJ/mol)
           Bond       G96Angle    Proper Dih.  Improper Dih.        LJ (SR)
    1.23641e+02    1.07112e+02    1.10196e+01    1.44489e+01   -3.05086e+04
   Coulomb (SR) Position Rest.      Potential    Kinetic En.   Total Energy
   -2.20477e+02    6.52671e+01   -3.04075e+04    4.03860e+03   -2.63689e+04
  Conserved En.    Temperature Pressure (bar)   Constr. rmsd
   -2.94778e+04    2.98453e+02    6.57499e+01    4.86122e-07

           Step           Time
          49000       98.00000

   Energies (kJ/mol)
           Bond       G96Angle    Proper Dih.  Improper Dih.        LJ (SR)
    1.35614e+02    1.07885e+02    1.19991e+01    6.20545e+00   -3.03453e+04
   Coulomb (SR) Position Rest.      Potential    Kinetic En.   Total Energy
   -2.27706e+02    6.62610e+01   -3.02450e+04    3.90755e+03   -2.63375e+04
  Conserved En.    Temperature Pressure (bar)   Constr. rmsd
   -2.94857e+04    2.88768e+02    7.95195e+01    4.43978e-07

           Step           Time
          50000      100.00000

Writing checkpoint, step 50000 at Tue Jan 28 07:14:08 2020


   Energies (kJ/mol)
           Bond       G96Angle    Proper Dih.  Improper Dih.        LJ (SR)
    1.18596e+02    1.24289e+02    1.68489e+01    1.30527e+01   -3.05621e+04
   Coulomb (SR) Position Rest.      Potential    Kinetic En.   Total Energy
   -2.17792e+02    6.57757e+01   -3.04414e+04    4.13688e+03   -2.63045e+04
  Conserved En.    Temperature Pressure (bar)   Constr. rmsd
   -2.94945e+04    3.05716e+02   -4.88939e+01    5.58240e-07

	<======  ###############  ==>
	<====  A V E R A G E S  ====>
	<==  ###############  ======>

	Statistics over 50001 steps using 501 frames

   Energies (kJ/mol)
           Bond       G96Angle    Proper Dih.  Improper Dih.        LJ (SR)
    1.22421e+02    1.03348e+02    9.44241e+00    9.30063e+00   -3.03167e+04
   Coulomb (SR) Position Rest.      Potential    Kinetic En.   Total Energy
   -2.21486e+02    7.49905e+01   -3.02187e+04    3.98530e+03   -2.62334e+04
  Conserved En.    Temperature Pressure (bar)   Constr. rmsd
   -2.92623e+04    2.94514e+02   -4.76129e+01    0.00000e+00

          Box-X          Box-Y          Box-Z
    4.07658e+00    4.44713e+00    6.90841e+00

   Total Virial (kJ/mol)
    1.54414e+03   -1.75146e+01   -9.92257e+01
   -1.75148e+01    1.49161e+03    1.80460e+01
   -9.92258e+01    1.80459e+01    1.51483e+03

   Pressure (bar)
   -5.66554e+01    4.02049e+00    2.58705e+01
    4.02052e+00   -4.04949e+01   -4.28595e+00
    2.58705e+01   -4.28593e+00   -4.56885e+01


	M E G A - F L O P S   A C C O U N T I N G

 NB=Group-cutoff nonbonded kernels    NxN=N-by-N cluster Verlet kernels
 RF=Reaction-Field  VdW=Van der Waals  QSTab=quadratic-spline table
 W3=SPC/TIP3p  W4=TIP4p (single or pairs)
 V&F=Potential and force  V=Potential only  F=Force only

 Computing:                               M-Number         M-Flops  % Flops
-----------------------------------------------------------------------------
 Pair Search distance check              20.469024         184.221     0.0
 NxN RF Elec. + LJ [F]                11138.954112      423280.256    98.0
 NxN RF Elec. + LJ [V&F]                112.740352        6087.979     1.4
 Shift-X                                  0.554106           3.325     0.0
 Bonds                                    5.850117         345.157     0.1
 Angles                                   6.650133        1117.222     0.3
 Propers                                  0.550011         125.953     0.0
 Impropers                                0.500010         104.002     0.0
 Pos. Restr.                              3.050061         152.503     0.0
 Virial                                   2.878651          51.816     0.0
 Stop-CM                                  0.555212           5.552     0.0
 P-Coupling                               2.766106          16.597     0.0
 Calc-Ekin                                5.532212         149.370     0.0
 Lincs                                    3.000180         180.011     0.0
 Lincs-Mat                               42.002520         168.010     0.0
 Constraint-V                             6.000240          48.002     0.0
 Constraint-Vir                           0.150060           3.601     0.0
-----------------------------------------------------------------------------
 Total                                                  432023.576   100.0
-----------------------------------------------------------------------------


     R E A L   C Y C L E   A N D   T I M E   A C C O U N T I N G

On 1 MPI rank, each using 4 OpenMP threads

 Computing:          Num   Num      Call    Wall time         Giga-Cycles
                     Ranks Threads  Count      (s)         total sum    %
-----------------------------------------------------------------------------
 Neighbor search        1    4        501       0.096          1.267   0.7
 Launch GPU ops.        1    4      50001       1.395         18.375  10.9
 Force                  1    4      50001       1.626         21.409  12.7
 Wait GPU NB local      1    4      50001       3.154         41.541  24.6
 NB X/F buffer ops.     1    4      99501       2.318         30.522  18.1
 Write traj.            1    4         51       0.182          2.399   1.4
 Update                 1    4      50001       1.324         17.437  10.3
 Constraints            1    4      50003       1.810         23.838  14.1
 Rest                                           0.930         12.254   7.2
-----------------------------------------------------------------------------
 Total                                         12.836        169.043 100.0
-----------------------------------------------------------------------------

               Core t (s)   Wall t (s)        (%)
       Time:       51.262       12.836      399.4
                 (ns/day)    (hour/ns)
Performance:      673.133        0.036
Finished mdrun on rank 0 Tue Jan 28 07:14:08 2020

