Log file opened on Tue Jan 28 01:09:11 2020
Host: titan  pid: 7516  rank ID: 0  number of ranks:  1
                      :-) GROMACS - gmx mdrun, 2018.1 (-:

                            GROMACS is written by:
     Emile Apol      Rossen Apostolov      Paul Bauer     Herman J.C. Berendsen
    Par Bjelkmar    Aldert van Buuren   Rudi van Drunen     Anton Feenstra  
  Gerrit Groenhof    Aleksei Iupinov   Christoph Junghans   Anca Hamuraru   
 Vincent Hindriksen Dimitrios Karkoulis    Peter Kasson        Jiri Kraus    
  Carsten Kutzner      Per Larsson      Justin A. Lemkul    Viveca Lindahl  
  Magnus Lundborg   Pieter Meulenhoff    Erik Marklund      Teemu Murtola   
    Szilard Pall       Sander Pronk      Roland Schulz     Alexey Shvetsov  
   Michael Shirts     Alfons Sijbers     Peter Tieleman    Teemu Virolainen 
 Christian Wennberg    Maarten Wolf   
                           and the project leaders:
        Mark Abraham, Berk Hess, Erik Lindahl, and David van der Spoel

Copyright (c) 1991-2000, University of Groningen, The Netherlands.
Copyright (c) 2001-2017, The GROMACS development team at
Uppsala University, Stockholm University and
the Royal Institute of Technology, Sweden.
check out http://www.gromacs.org for more information.

GROMACS is free software; you can redistribute it and/or modify it
under the terms of the GNU Lesser General Public License
as published by the Free Software Foundation; either version 2.1
of the License, or (at your option) any later version.

GROMACS:      gmx mdrun, version 2018.1
Executable:   /usr/bin/gmx
Data prefix:  /usr
Working dir:  /home/pleprovo/teaching/2020/practicals/ISM2020_practical_session_7_md/WORKED/02_small_peptide
Command line:
  gmx mdrun -deffnm nvt -v

GROMACS version:    2018.1
Precision:          single
Memory model:       64 bit
MPI library:        thread_mpi
OpenMP support:     enabled (GMX_OPENMP_MAX_THREADS = 64)
GPU support:        disabled
SIMD instructions:  SSE2
FFT library:        fftw-3.3.7-sse2-avx
RDTSCP usage:       disabled
TNG support:        enabled
Hwloc support:      hwloc-1.11.6
Tracing support:    disabled
Built on:           2018-03-31 17:12:46
Built by:           buildd@debian [CMAKE]
Build OS/arch:      Linux x86_64
Build CPU vendor:   Intel
Build CPU brand:    Westmere E56xx/L56xx/X56xx (Nehalem-C)
Build CPU family:   6   Model: 44   Stepping: 1
Build CPU features: aes apic clfsh cmov cx8 cx16 intel lahf mmx msr pcid pclmuldq pdpe1gb popcnt pse rdtscp sse2 sse3 sse4.1 sse4.2 ssse3 x2apic
C compiler:         /usr/bin/cc GNU 7.3.0
C compiler flags:    -msse2   -g -O2 -fdebug-prefix-map=/build/gromacs-Fqu8ou/gromacs-2018.1=. -fstack-protector-strong -Wformat -Werror=format-security -Wdate-time -D_FORTIFY_SOURCE=2  -O3 -DNDEBUG -funroll-all-loops -fexcess-precision=fast  
C++ compiler:       /usr/bin/c++ GNU 7.3.0
C++ compiler flags:  -msse2   -g -O2 -fdebug-prefix-map=/build/gromacs-Fqu8ou/gromacs-2018.1=. -fstack-protector-strong -Wformat -Werror=format-security -Wdate-time -D_FORTIFY_SOURCE=2 -std=c++11   -O3 -DNDEBUG -funroll-all-loops -fexcess-precision=fast  


Running on 1 node with total 2 cores, 4 logical cores
Hardware detected:
  CPU info:
    Vendor: Intel
    Brand:  Intel(R) Core(TM) i5-2520M CPU @ 2.50GHz
    Family: 6   Model: 42   Stepping: 7
    Features: aes apic avx clfsh cmov cx8 cx16 htt intel lahf mmx msr nonstop_tsc pcid pclmuldq pdcm popcnt pse rdtscp sse2 sse3 sse4.1 sse4.2 ssse3 tdt x2apic
  Hardware topology: Full, with devices
    Sockets, cores, and logical processors:
      Socket  0: [   0   1] [   2   3]
    Numa nodes:
      Node  0 (4013096960 bytes mem):   0   1   2   3
      Latency:
               0
         0  1.00
    Caches:
      L1: 32768 bytes, linesize 64 bytes, assoc. 8, shared 2 ways
      L2: 262144 bytes, linesize 64 bytes, assoc. 8, shared 2 ways
      L3: 3145728 bytes, linesize 64 bytes, assoc. 12, shared 4 ways
    PCI devices:
      0000:00:02.0  Id: 8086:0126  Class: 0x0300  Numa: 0
      0000:00:19.0  Id: 8086:1502  Class: 0x0200  Numa: 0
      0000:03:00.0  Id: 8086:0085  Class: 0x0280  Numa: 0
      0000:00:1f.2  Id: 8086:1c03  Class: 0x0106  Numa: 0

Highest SIMD level requested by all nodes in run: AVX_256
SIMD instructions selected at compile time:       SSE2
This program was compiled for different hardware than you are running on,
which could influence performance.
The current CPU can measure timings more accurately than the code in
gmx mdrun was configured to use. This might affect your simulation
speed as accurate timings are needed for load-balancing.
Please consider rebuilding gmx mdrun with the GMX_USE_RDTSCP=ON CMake option.

++++ PLEASE READ AND CITE THE FOLLOWING REFERENCE ++++
M. J. Abraham, T. Murtola, R. Schulz, S. Páll, J. C. Smith, B. Hess, E.
Lindahl
GROMACS: High performance molecular simulations through multi-level
parallelism from laptops to supercomputers
SoftwareX 1 (2015) pp. 19-25
-------- -------- --- Thank You --- -------- --------


++++ PLEASE READ AND CITE THE FOLLOWING REFERENCE ++++
S. Páll, M. J. Abraham, C. Kutzner, B. Hess, E. Lindahl
Tackling Exascale Software Challenges in Molecular Dynamics Simulations with
GROMACS
In S. Markidis & E. Laure (Eds.), Solving Software Challenges for Exascale 8759 (2015) pp. 3-27
-------- -------- --- Thank You --- -------- --------


++++ PLEASE READ AND CITE THE FOLLOWING REFERENCE ++++
S. Pronk, S. Páll, R. Schulz, P. Larsson, P. Bjelkmar, R. Apostolov, M. R.
Shirts, J. C. Smith, P. M. Kasson, D. van der Spoel, B. Hess, and E. Lindahl
GROMACS 4.5: a high-throughput and highly parallel open source molecular
simulation toolkit
Bioinformatics 29 (2013) pp. 845-54
-------- -------- --- Thank You --- -------- --------


++++ PLEASE READ AND CITE THE FOLLOWING REFERENCE ++++
B. Hess and C. Kutzner and D. van der Spoel and E. Lindahl
GROMACS 4: Algorithms for highly efficient, load-balanced, and scalable
molecular simulation
J. Chem. Theory Comput. 4 (2008) pp. 435-447
-------- -------- --- Thank You --- -------- --------


++++ PLEASE READ AND CITE THE FOLLOWING REFERENCE ++++
D. van der Spoel, E. Lindahl, B. Hess, G. Groenhof, A. E. Mark and H. J. C.
Berendsen
GROMACS: Fast, Flexible and Free
J. Comp. Chem. 26 (2005) pp. 1701-1719
-------- -------- --- Thank You --- -------- --------


++++ PLEASE READ AND CITE THE FOLLOWING REFERENCE ++++
E. Lindahl and B. Hess and D. van der Spoel
GROMACS 3.0: A package for molecular simulation and trajectory analysis
J. Mol. Mod. 7 (2001) pp. 306-317
-------- -------- --- Thank You --- -------- --------


++++ PLEASE READ AND CITE THE FOLLOWING REFERENCE ++++
H. J. C. Berendsen, D. van der Spoel and R. van Drunen
GROMACS: A message-passing parallel molecular dynamics implementation
Comp. Phys. Comm. 91 (1995) pp. 43-56
-------- -------- --- Thank You --- -------- --------

Input Parameters:
   integrator                     = md
   tinit                          = 0
   dt                             = 0.002
   nsteps                         = 50000
   init-step                      = 0
   simulation-part                = 1
   comm-mode                      = Linear
   nstcomm                        = 100
   bd-fric                        = 0
   ld-seed                        = -706184376
   emtol                          = 10
   emstep                         = 0.01
   niter                          = 20
   fcstep                         = 0
   nstcgsteep                     = 1000
   nbfgscorr                      = 10
   rtpi                           = 0.05
   nstxout                        = 0
   nstvout                        = 0
   nstfout                        = 0
   nstlog                         = 500
   nstcalcenergy                  = 100
   nstenergy                      = 500
   nstxout-compressed             = 500
   compressed-x-precision         = 1000
   cutoff-scheme                  = Verlet
   nstlist                        = 20
   ns-type                        = Grid
   pbc                            = xyz
   periodic-molecules             = false
   verlet-buffer-tolerance        = 0.005
   rlist                          = 1.028
   coulombtype                    = PME
   coulomb-modifier               = Potential-shift
   rcoulomb-switch                = 0
   rcoulomb                       = 1
   epsilon-r                      = 1
   epsilon-rf                     = inf
   vdw-type                       = Cut-off
   vdw-modifier                   = Potential-shift
   rvdw-switch                    = 0
   rvdw                           = 1
   DispCorr                       = EnerPres
   table-extension                = 1
   fourierspacing                 = 0.16
   fourier-nx                     = 24
   fourier-ny                     = 20
   fourier-nz                     = 20
   pme-order                      = 4
   ewald-rtol                     = 1e-05
   ewald-rtol-lj                  = 0.001
   lj-pme-comb-rule               = Geometric
   ewald-geometry                 = 0
   epsilon-surface                = 0
   implicit-solvent               = No
   gb-algorithm                   = Still
   nstgbradii                     = 1
   rgbradii                       = 1
   gb-epsilon-solvent             = 80
   gb-saltconc                    = 0
   gb-obc-alpha                   = 1
   gb-obc-beta                    = 0.8
   gb-obc-gamma                   = 4.85
   gb-dielectric-offset           = 0.009
   sa-algorithm                   = Ace-approximation
   sa-surface-tension             = 2.05016
   tcoupl                         = V-rescale
   nsttcouple                     = 20
   nh-chain-length                = 0
   print-nose-hoover-chain-variables = false
   pcoupl                         = No
   pcoupltype                     = Isotropic
   nstpcouple                     = -1
   tau-p                          = 1
   compressibility (3x3):
      compressibility[    0]={ 0.00000e+00,  0.00000e+00,  0.00000e+00}
      compressibility[    1]={ 0.00000e+00,  0.00000e+00,  0.00000e+00}
      compressibility[    2]={ 0.00000e+00,  0.00000e+00,  0.00000e+00}
   ref-p (3x3):
      ref-p[    0]={ 0.00000e+00,  0.00000e+00,  0.00000e+00}
      ref-p[    1]={ 0.00000e+00,  0.00000e+00,  0.00000e+00}
      ref-p[    2]={ 0.00000e+00,  0.00000e+00,  0.00000e+00}
   refcoord-scaling               = No
   posres-com (3):
      posres-com[0]= 0.00000e+00
      posres-com[1]= 0.00000e+00
      posres-com[2]= 0.00000e+00
   posres-comB (3):
      posres-comB[0]= 0.00000e+00
      posres-comB[1]= 0.00000e+00
      posres-comB[2]= 0.00000e+00
   QMMM                           = false
   QMconstraints                  = 0
   QMMMscheme                     = 0
   MMChargeScaleFactor            = 1
qm-opts:
   ngQM                           = 0
   constraint-algorithm           = Lincs
   continuation                   = false
   Shake-SOR                      = false
   shake-tol                      = 0.0001
   lincs-order                    = 4
   lincs-iter                     = 1
   lincs-warnangle                = 30
   nwall                          = 0
   wall-type                      = 9-3
   wall-r-linpot                  = -1
   wall-atomtype[0]               = -1
   wall-atomtype[1]               = -1
   wall-density[0]                = 0
   wall-density[1]                = 0
   wall-ewald-zfac                = 3
   pull                           = false
   awh                            = false
   rotation                       = false
   interactiveMD                  = false
   disre                          = No
   disre-weighting                = Conservative
   disre-mixed                    = false
   dr-fc                          = 1000
   dr-tau                         = 0
   nstdisreout                    = 100
   orire-fc                       = 0
   orire-tau                      = 0
   nstorireout                    = 100
   free-energy                    = no
   cos-acceleration               = 0
   deform (3x3):
      deform[    0]={ 0.00000e+00,  0.00000e+00,  0.00000e+00}
      deform[    1]={ 0.00000e+00,  0.00000e+00,  0.00000e+00}
      deform[    2]={ 0.00000e+00,  0.00000e+00,  0.00000e+00}
   simulated-tempering            = false
   swapcoords                     = no
   userint1                       = 0
   userint2                       = 0
   userint3                       = 0
   userint4                       = 0
   userreal1                      = 0
   userreal2                      = 0
   userreal3                      = 0
   userreal4                      = 0
   applied-forces:
     electric-field:
       x:
         E0                       = 0
         omega                    = 0
         t0                       = 0
         sigma                    = 0
       y:
         E0                       = 0
         omega                    = 0
         t0                       = 0
         sigma                    = 0
       z:
         E0                       = 0
         omega                    = 0
         t0                       = 0
         sigma                    = 0
grpopts:
   nrdf:     153.915     5295.08
   ref-t:         300         300
   tau-t:         0.1         0.1
annealing:          No          No
annealing-npoints:           0           0
   acc:	           0           0           0
   nfreeze:           N           N           N
   energygrp-flags[  0]: 0

Changing nstlist from 20 to 50, rlist from 1.028 to 1.108


Using 1 MPI thread
Using 4 OpenMP threads 

Pinning threads with an auto-selected logical core stride of 1
System total charge: 0.000
Will do PME sum in reciprocal space for electrostatic interactions.

++++ PLEASE READ AND CITE THE FOLLOWING REFERENCE ++++
U. Essmann, L. Perera, M. L. Berkowitz, T. Darden, H. Lee and L. G. Pedersen 
A smooth particle mesh Ewald method
J. Chem. Phys. 103 (1995) pp. 8577-8592
-------- -------- --- Thank You --- -------- --------

Using a Gaussian width (1/beta) of 0.320163 nm for Ewald
Potential shift: LJ r^-12: -1.000e+00 r^-6: -1.000e+00, Ewald -1.000e-05
Initialized non-bonded Ewald correction tables, spacing: 9.33e-04 size: 1073

Long Range LJ corr.: <C6> 2.8932e-04
Generated table with 1054 data points for Ewald.
Tabscale = 500 points/nm
Generated table with 1054 data points for LJ6.
Tabscale = 500 points/nm
Generated table with 1054 data points for LJ12.
Tabscale = 500 points/nm
Generated table with 1054 data points for 1-4 COUL.
Tabscale = 500 points/nm
Generated table with 1054 data points for 1-4 LJ6.
Tabscale = 500 points/nm
Generated table with 1054 data points for 1-4 LJ12.
Tabscale = 500 points/nm

Using SIMD 4x4 nonbonded short-range kernels

Using a dual 4x4 pair-list setup updated with dynamic pruning:
  outer list: updated every 50 steps, buffer 0.108 nm, rlist 1.108 nm
  inner list: updated every 12 steps, buffer 0.002 nm, rlist 1.002 nm
At tolerance 0.005 kJ/mol/ps per atom, equivalent classical 1x1 list would be:
  outer list: updated every 50 steps, buffer 0.234 nm, rlist 1.234 nm
  inner list: updated every 12 steps, buffer 0.047 nm, rlist 1.047 nm

Using Lorentz-Berthelot Lennard-Jones combination rule

Removing pbc first time

Initializing LINear Constraint Solver

++++ PLEASE READ AND CITE THE FOLLOWING REFERENCE ++++
B. Hess and H. Bekker and H. J. C. Berendsen and J. G. E. M. Fraaije
LINCS: A Linear Constraint Solver for molecular simulations
J. Comp. Chem. 18 (1997) pp. 1463-1472
-------- -------- --- Thank You --- -------- --------

The number of constraints is 29

++++ PLEASE READ AND CITE THE FOLLOWING REFERENCE ++++
S. Miyamoto and P. A. Kollman
SETTLE: An Analytical Version of the SHAKE and RATTLE Algorithms for Rigid
Water Models
J. Comp. Chem. 13 (1992) pp. 952-962
-------- -------- --- Thank You --- -------- --------


Intra-simulation communication will occur every 10 steps.
Center of mass motion removal mode is Linear
We have the following groups for center of mass motion removal:
  0:  rest

++++ PLEASE READ AND CITE THE FOLLOWING REFERENCE ++++
G. Bussi, D. Donadio and M. Parrinello
Canonical sampling through velocity rescaling
J. Chem. Phys. 126 (2007) pp. 014101
-------- -------- --- Thank You --- -------- --------

There are: 2708 Atoms

Constraining the starting coordinates (step 0)

Constraining the coordinates at t0-dt (step 0)
RMS relative constraint deviation after constraining: 2.03e-06
Initial temperature: 300.409 K

Started mdrun on rank 0 Tue Jan 28 01:09:11 2020
           Step           Time
              0        0.00000

   Energies (kJ/mol)
           Bond          Angle    Proper Dih.  Improper Dih.          LJ-14
    6.98968e+00    9.28063e+01    1.13666e+02    8.63380e-01    3.77468e+01
     Coulomb-14        LJ (SR)  Disper. corr.   Coulomb (SR)   Coul. recip.
    1.45635e+03    6.33388e+03   -3.15512e+02   -4.97215e+04    4.49343e+02
 Position Rest.      Potential    Kinetic En.   Total Energy  Conserved En.
    1.31324e-05   -4.15453e+04    6.80610e+03   -3.47392e+04   -3.47392e+04
    Temperature Pres. DC (bar) Pressure (bar)   Constr. rmsd
    3.00453e+02   -1.86465e+02   -2.63854e+03    2.12831e-06

           Step           Time
            500        1.00000

   Energies (kJ/mol)
           Bond          Angle    Proper Dih.  Improper Dih.          LJ-14
    3.58846e+01    1.59534e+02    1.38408e+02    5.58128e+00    3.77276e+01
     Coulomb-14        LJ (SR)  Disper. corr.   Coulomb (SR)   Coul. recip.
    1.46622e+03    5.53885e+03   -3.15512e+02   -4.43691e+04    2.75565e+02
 Position Rest.      Potential    Kinetic En.   Total Energy  Conserved En.
    2.43402e+01   -3.70025e+04    6.52815e+03   -3.04744e+04   -3.46948e+04
    Temperature Pres. DC (bar) Pressure (bar)   Constr. rmsd
    2.88183e+02   -1.86465e+02   -4.07251e+02    1.43977e-06

           Step           Time
           1000        2.00000

   Energies (kJ/mol)
           Bond          Angle    Proper Dih.  Improper Dih.          LJ-14
    6.32204e+01    1.89884e+02    1.26854e+02    6.41032e+00    3.41282e+01
     Coulomb-14        LJ (SR)  Disper. corr.   Coulomb (SR)   Coul. recip.
    1.45552e+03    5.81044e+03   -3.15512e+02   -4.48206e+04    2.36387e+02
 Position Rest.      Potential    Kinetic En.   Total Energy  Conserved En.
    2.15125e+01   -3.71917e+04    6.86273e+03   -3.03290e+04   -3.46923e+04
    Temperature Pres. DC (bar) Pressure (bar)   Constr. rmsd
    3.02954e+02   -1.86465e+02   -2.06116e+02    1.34711e-06

           Step           Time
           1500        3.00000

   Energies (kJ/mol)
           Bond          Angle    Proper Dih.  Improper Dih.          LJ-14
    4.36595e+01    1.65396e+02    1.28757e+02    6.10011e+00    4.54708e+01
     Coulomb-14        LJ (SR)  Disper. corr.   Coulomb (SR)   Coul. recip.
    1.46970e+03    5.26473e+03   -3.15512e+02   -4.41242e+04    2.52718e+02
 Position Rest.      Potential    Kinetic En.   Total Energy  Conserved En.
    1.81150e+01   -3.70451e+04    6.95625e+03   -3.00888e+04   -3.46981e+04
    Temperature Pres. DC (bar) Pressure (bar)   Constr. rmsd
    3.07082e+02   -1.86465e+02   -7.93852e+02    1.69425e-06

           Step           Time
           2000        4.00000

   Energies (kJ/mol)
           Bond          Angle    Proper Dih.  Improper Dih.          LJ-14
    3.95041e+01    1.72501e+02    1.25366e+02    1.53454e+00    4.53996e+01
     Coulomb-14        LJ (SR)  Disper. corr.   Coulomb (SR)   Coul. recip.
    1.46594e+03    5.09540e+03   -3.15512e+02   -4.40469e+04    2.56086e+02
 Position Rest.      Potential    Kinetic En.   Total Energy  Conserved En.
    1.63247e+01   -3.71443e+04    6.67935e+03   -3.04650e+04   -3.46948e+04
    Temperature Pres. DC (bar) Pressure (bar)   Constr. rmsd
    2.94858e+02   -1.86465e+02   -7.79946e+02    1.32944e-06

           Step           Time
           2500        5.00000

   Energies (kJ/mol)
           Bond          Angle    Proper Dih.  Improper Dih.          LJ-14
    4.89074e+01    1.87997e+02    1.32508e+02    6.16291e+00    3.49507e+01
     Coulomb-14        LJ (SR)  Disper. corr.   Coulomb (SR)   Coul. recip.
    1.46239e+03    5.46525e+03   -3.15512e+02   -4.43562e+04    2.65558e+02
 Position Rest.      Potential    Kinetic En.   Total Energy  Conserved En.
    1.94501e+01   -3.70486e+04    7.04272e+03   -3.00059e+04   -3.46911e+04
    Temperature Pres. DC (bar) Pressure (bar)   Constr. rmsd
    3.10899e+02   -1.86465e+02   -1.66397e+02    1.40833e-06

           Step           Time
           3000        6.00000

   Energies (kJ/mol)
           Bond          Angle    Proper Dih.  Improper Dih.          LJ-14
    3.20192e+01    1.84865e+02    1.48117e+02    1.56695e+01    4.26647e+01
     Coulomb-14        LJ (SR)  Disper. corr.   Coulomb (SR)   Coul. recip.
    1.48336e+03    5.86241e+03   -3.15512e+02   -4.49633e+04    2.64842e+02
 Position Rest.      Potential    Kinetic En.   Total Energy  Conserved En.
    1.97407e+01   -3.72251e+04    6.94692e+03   -3.02782e+04   -3.46954e+04
    Temperature Pres. DC (bar) Pressure (bar)   Constr. rmsd
    3.06670e+02   -1.86465e+02    4.43513e+02    1.67161e-06

           Step           Time
           3500        7.00000

   Energies (kJ/mol)
           Bond          Angle    Proper Dih.  Improper Dih.          LJ-14
    3.61560e+01    1.58126e+02    1.30419e+02    5.85515e+00    5.33553e+01
     Coulomb-14        LJ (SR)  Disper. corr.   Coulomb (SR)   Coul. recip.
    1.47791e+03    5.63694e+03   -3.15512e+02   -4.44831e+04    2.73813e+02
 Position Rest.      Potential    Kinetic En.   Total Energy  Conserved En.
    1.08146e+01   -3.70152e+04    6.76825e+03   -3.02470e+04   -3.46978e+04
    Temperature Pres. DC (bar) Pressure (bar)   Constr. rmsd
    2.98783e+02   -1.86465e+02   -1.16998e+02    5.50573e-06

           Step           Time
           4000        8.00000

   Energies (kJ/mol)
           Bond          Angle    Proper Dih.  Improper Dih.          LJ-14
    5.99175e+01    1.87146e+02    1.25986e+02    1.15074e+01    4.02059e+01
     Coulomb-14        LJ (SR)  Disper. corr.   Coulomb (SR)   Coul. recip.
    1.45402e+03    5.62988e+03   -3.15512e+02   -4.45330e+04    2.82074e+02
 Position Rest.      Potential    Kinetic En.   Total Energy  Conserved En.
    1.84657e+01   -3.70393e+04    6.93373e+03   -3.01056e+04   -3.46972e+04
    Temperature Pres. DC (bar) Pressure (bar)   Constr. rmsd
    3.06088e+02   -1.86465e+02   -2.77927e+02    2.10021e-06

           Step           Time
           4500        9.00000

   Energies (kJ/mol)
           Bond          Angle    Proper Dih.  Improper Dih.          LJ-14
    3.72334e+01    1.90887e+02    1.43780e+02    1.35308e+01    3.96198e+01
     Coulomb-14        LJ (SR)  Disper. corr.   Coulomb (SR)   Coul. recip.
    1.43211e+03    5.26194e+03   -3.15512e+02   -4.40744e+04    2.61982e+02
 Position Rest.      Potential    Kinetic En.   Total Energy  Conserved En.
    2.21069e+01   -3.69867e+04    6.77131e+03   -3.02154e+04   -3.46946e+04
    Temperature Pres. DC (bar) Pressure (bar)   Constr. rmsd
    2.98918e+02   -1.86465e+02   -7.84786e+02    3.84907e-06

           Step           Time
           5000       10.00000

   Energies (kJ/mol)
           Bond          Angle    Proper Dih.  Improper Dih.          LJ-14
    3.55057e+01    1.69507e+02    1.33889e+02    6.64214e+00    4.48636e+01
     Coulomb-14        LJ (SR)  Disper. corr.   Coulomb (SR)   Coul. recip.
    1.47091e+03    5.71804e+03   -3.15512e+02   -4.46199e+04    2.66022e+02
 Position Rest.      Potential    Kinetic En.   Total Energy  Conserved En.
    2.26509e+01   -3.70674e+04    6.46932e+03   -3.05981e+04   -3.46966e+04
    Temperature Pres. DC (bar) Pressure (bar)   Constr. rmsd
    2.85586e+02   -1.86465e+02    5.49064e+02    1.86881e-06

           Step           Time
           5500       11.00000

   Energies (kJ/mol)
           Bond          Angle    Proper Dih.  Improper Dih.          LJ-14
    3.69755e+01    2.05070e+02    1.32247e+02    6.19519e+00    4.96185e+01
     Coulomb-14        LJ (SR)  Disper. corr.   Coulomb (SR)   Coul. recip.
    1.45900e+03    5.63157e+03   -3.15512e+02   -4.44594e+04    2.66906e+02
 Position Rest.      Potential    Kinetic En.   Total Energy  Conserved En.
    2.63851e+01   -3.69610e+04    6.81809e+03   -3.01429e+04   -3.46978e+04
    Temperature Pres. DC (bar) Pressure (bar)   Constr. rmsd
    3.00983e+02   -1.86465e+02    3.06098e+02    2.70705e-06

           Step           Time
           6000       12.00000

   Energies (kJ/mol)
           Bond          Angle    Proper Dih.  Improper Dih.          LJ-14
    4.54883e+01    1.71904e+02    1.31894e+02    1.04728e+01    3.95471e+01
     Coulomb-14        LJ (SR)  Disper. corr.   Coulomb (SR)   Coul. recip.
    1.47389e+03    5.53070e+03   -3.15512e+02   -4.45748e+04    2.63929e+02
 Position Rest.      Potential    Kinetic En.   Total Energy  Conserved En.
    1.96132e+01   -3.72029e+04    6.52624e+03   -3.06766e+04   -3.46966e+04
    Temperature Pres. DC (bar) Pressure (bar)   Constr. rmsd
    2.88099e+02   -1.86465e+02   -1.47041e+02    3.93949e-06

           Step           Time
           6500       13.00000

   Energies (kJ/mol)
           Bond          Angle    Proper Dih.  Improper Dih.          LJ-14
    6.11375e+01    1.82660e+02    1.34781e+02    9.75989e+00    3.90088e+01
     Coulomb-14        LJ (SR)  Disper. corr.   Coulomb (SR)   Coul. recip.
    1.44046e+03    5.35451e+03   -3.15512e+02   -4.41925e+04    2.89524e+02
 Position Rest.      Potential    Kinetic En.   Total Energy  Conserved En.
    2.06866e+01   -3.69755e+04    6.76205e+03   -3.02134e+04   -3.47002e+04
    Temperature Pres. DC (bar) Pressure (bar)   Constr. rmsd
    2.98509e+02   -1.86465e+02   -6.05831e+02    2.93440e-06

           Step           Time
           7000       14.00000

   Energies (kJ/mol)
           Bond          Angle    Proper Dih.  Improper Dih.          LJ-14
    4.48606e+01    1.93486e+02    1.32060e+02    7.06175e+00    4.03384e+01
     Coulomb-14        LJ (SR)  Disper. corr.   Coulomb (SR)   Coul. recip.
    1.46426e+03    5.75834e+03   -3.15512e+02   -4.46405e+04    2.76071e+02
 Position Rest.      Potential    Kinetic En.   Total Energy  Conserved En.
    1.69810e+01   -3.70226e+04    6.57665e+03   -3.04459e+04   -3.46947e+04
    Temperature Pres. DC (bar) Pressure (bar)   Constr. rmsd
    2.90324e+02   -1.86465e+02   -1.30702e+02    2.69140e-06

           Step           Time
           7500       15.00000

   Energies (kJ/mol)
           Bond          Angle    Proper Dih.  Improper Dih.          LJ-14
    5.79471e+01    1.71093e+02    1.23629e+02    8.22631e+00    3.69263e+01
     Coulomb-14        LJ (SR)  Disper. corr.   Coulomb (SR)   Coul. recip.
    1.43922e+03    5.39487e+03   -3.15512e+02   -4.42636e+04    2.61109e+02
 Position Rest.      Potential    Kinetic En.   Total Energy  Conserved En.
    2.05039e+01   -3.70655e+04    6.84965e+03   -3.02159e+04   -3.46973e+04
    Temperature Pres. DC (bar) Pressure (bar)   Constr. rmsd
    3.02376e+02   -1.86465e+02   -5.04048e+02    1.67373e-06

           Step           Time
           8000       16.00000

   Energies (kJ/mol)
           Bond          Angle    Proper Dih.  Improper Dih.          LJ-14
    4.84954e+01    1.62493e+02    1.39423e+02    8.39590e+00    4.52387e+01
     Coulomb-14        LJ (SR)  Disper. corr.   Coulomb (SR)   Coul. recip.
    1.46417e+03    5.36845e+03   -3.15512e+02   -4.43796e+04    2.81659e+02
 Position Rest.      Potential    Kinetic En.   Total Energy  Conserved En.
    2.88311e+01   -3.71480e+04    7.01424e+03   -3.01337e+04   -3.47022e+04
    Temperature Pres. DC (bar) Pressure (bar)   Constr. rmsd
    3.09642e+02   -1.86465e+02   -5.86151e+02    2.70875e-06

           Step           Time
           8500       17.00000

   Energies (kJ/mol)
           Bond          Angle    Proper Dih.  Improper Dih.          LJ-14
    3.79800e+01    1.57620e+02    1.20222e+02    7.85809e+00    4.69894e+01
     Coulomb-14        LJ (SR)  Disper. corr.   Coulomb (SR)   Coul. recip.
    1.45880e+03    4.98121e+03   -3.15512e+02   -4.41010e+04    2.63144e+02
 Position Rest.      Potential    Kinetic En.   Total Energy  Conserved En.
    2.66844e+01   -3.73160e+04    6.87179e+03   -3.04442e+04   -3.47054e+04
    Temperature Pres. DC (bar) Pressure (bar)   Constr. rmsd
    3.03353e+02   -1.86465e+02   -1.31708e+03    2.46890e-06

           Step           Time
           9000       18.00000

   Energies (kJ/mol)
           Bond          Angle    Proper Dih.  Improper Dih.          LJ-14
    4.81021e+01    1.69491e+02    1.44045e+02    4.04691e+00    4.36594e+01
     Coulomb-14        LJ (SR)  Disper. corr.   Coulomb (SR)   Coul. recip.
    1.46221e+03    5.51851e+03   -3.15512e+02   -4.46674e+04    2.85201e+02
 Position Rest.      Potential    Kinetic En.   Total Energy  Conserved En.
    3.53884e+01   -3.72723e+04    6.99107e+03   -3.02812e+04   -3.46973e+04
    Temperature Pres. DC (bar) Pressure (bar)   Constr. rmsd
    3.08619e+02   -1.86465e+02   -5.45509e+02    1.45963e-06

           Step           Time
           9500       19.00000

   Energies (kJ/mol)
           Bond          Angle    Proper Dih.  Improper Dih.          LJ-14
    5.95629e+01    1.65718e+02    1.34673e+02    8.32099e+00    4.36771e+01
     Coulomb-14        LJ (SR)  Disper. corr.   Coulomb (SR)   Coul. recip.
    1.50255e+03    5.54902e+03   -3.15512e+02   -4.46959e+04    2.76098e+02
 Position Rest.      Potential    Kinetic En.   Total Energy  Conserved En.
    1.96324e+01   -3.72522e+04    6.52492e+03   -3.07272e+04   -3.46984e+04
    Temperature Pres. DC (bar) Pressure (bar)   Constr. rmsd
    2.88041e+02   -1.86465e+02   -4.12535e+02    1.50708e-06

           Step           Time
          10000       20.00000

   Energies (kJ/mol)
           Bond          Angle    Proper Dih.  Improper Dih.          LJ-14
    4.85290e+01    1.96677e+02    1.19905e+02    7.36894e+00    3.41129e+01
     Coulomb-14        LJ (SR)  Disper. corr.   Coulomb (SR)   Coul. recip.
    1.46581e+03    5.67144e+03   -3.15512e+02   -4.48008e+04    2.75717e+02
 Position Rest.      Potential    Kinetic En.   Total Energy  Conserved En.
    2.78689e+01   -3.72689e+04    6.70255e+03   -3.05664e+04   -3.47001e+04
    Temperature Pres. DC (bar) Pressure (bar)   Constr. rmsd
    2.95882e+02   -1.86465e+02   -1.42428e+02    1.79180e-06

           Step           Time
          10500       21.00000

   Energies (kJ/mol)
           Bond          Angle    Proper Dih.  Improper Dih.          LJ-14
    4.58623e+01    1.60473e+02    1.34232e+02    9.87370e+00    3.47692e+01
     Coulomb-14        LJ (SR)  Disper. corr.   Coulomb (SR)   Coul. recip.
    1.44873e+03    5.60181e+03   -3.15512e+02   -4.50422e+04    2.69568e+02
 Position Rest.      Potential    Kinetic En.   Total Energy  Conserved En.
    3.02456e+01   -3.76222e+04    6.60836e+03   -3.10138e+04   -3.46962e+04
    Temperature Pres. DC (bar) Pressure (bar)   Constr. rmsd
    2.91724e+02   -1.86465e+02   -6.27204e+02    1.38518e-06

           Step           Time
          11000       22.00000

   Energies (kJ/mol)
           Bond          Angle    Proper Dih.  Improper Dih.          LJ-14
    3.79399e+01    1.79712e+02    1.26737e+02    4.28304e+00    4.86925e+01
     Coulomb-14        LJ (SR)  Disper. corr.   Coulomb (SR)   Coul. recip.
    1.43587e+03    5.57212e+03   -3.15512e+02   -4.50074e+04    2.21983e+02
 Position Rest.      Potential    Kinetic En.   Total Energy  Conserved En.
    2.51167e+01   -3.76704e+04    6.79484e+03   -3.08756e+04   -3.46995e+04
    Temperature Pres. DC (bar) Pressure (bar)   Constr. rmsd
    2.99956e+02   -1.86465e+02   -8.82290e+02    4.07912e-06

           Step           Time
          11500       23.00000

   Energies (kJ/mol)
           Bond          Angle    Proper Dih.  Improper Dih.          LJ-14
    3.89068e+01    1.64820e+02    1.32905e+02    4.90598e+00    4.90489e+01
     Coulomb-14        LJ (SR)  Disper. corr.   Coulomb (SR)   Coul. recip.
    1.41986e+03    5.30368e+03   -3.15512e+02   -4.43207e+04    2.77383e+02
 Position Rest.      Potential    Kinetic En.   Total Energy  Conserved En.
    2.97409e+01   -3.72150e+04    6.80354e+03   -3.04114e+04   -3.47049e+04
    Temperature Pres. DC (bar) Pressure (bar)   Constr. rmsd
    3.00341e+02   -1.86465e+02   -7.86452e+02    6.82640e-06

           Step           Time
          12000       24.00000

   Energies (kJ/mol)
           Bond          Angle    Proper Dih.  Improper Dih.          LJ-14
    3.02838e+01    1.85870e+02    1.23587e+02    4.84628e+00    4.01044e+01
     Coulomb-14        LJ (SR)  Disper. corr.   Coulomb (SR)   Coul. recip.
    1.48380e+03    5.48569e+03   -3.15512e+02   -4.43696e+04    2.47000e+02
 Position Rest.      Potential    Kinetic En.   Total Energy  Conserved En.
    2.09730e+01   -3.70629e+04    6.89336e+03   -3.01696e+04   -3.47069e+04
    Temperature Pres. DC (bar) Pressure (bar)   Constr. rmsd
    3.04306e+02   -1.86465e+02   -2.95805e+02    2.20012e-06

           Step           Time
          12500       25.00000

   Energies (kJ/mol)
           Bond          Angle    Proper Dih.  Improper Dih.          LJ-14
    6.05490e+01    1.75047e+02    1.26884e+02    6.84594e+00    4.79302e+01
     Coulomb-14        LJ (SR)  Disper. corr.   Coulomb (SR)   Coul. recip.
    1.46878e+03    5.32482e+03   -3.15512e+02   -4.41080e+04    3.02951e+02
 Position Rest.      Potential    Kinetic En.   Total Energy  Conserved En.
    1.80801e+01   -3.68917e+04    6.63979e+03   -3.02519e+04   -3.46998e+04
    Temperature Pres. DC (bar) Pressure (bar)   Constr. rmsd
    2.93112e+02   -1.86465e+02   -7.11048e+02    1.21156e-06

           Step           Time
          13000       26.00000

   Energies (kJ/mol)
           Bond          Angle    Proper Dih.  Improper Dih.          LJ-14
    5.47787e+01    1.68875e+02    1.25968e+02    6.67405e+00    3.99986e+01
     Coulomb-14        LJ (SR)  Disper. corr.   Coulomb (SR)   Coul. recip.
    1.45032e+03    5.40912e+03   -3.15512e+02   -4.44659e+04    2.61122e+02
 Position Rest.      Potential    Kinetic En.   Total Energy  Conserved En.
    3.50342e+01   -3.72296e+04    6.72505e+03   -3.05045e+04   -3.47062e+04
    Temperature Pres. DC (bar) Pressure (bar)   Constr. rmsd
    2.96876e+02   -1.86465e+02   -9.96058e+02    2.06806e-06

           Step           Time
          13500       27.00000

   Energies (kJ/mol)
           Bond          Angle    Proper Dih.  Improper Dih.          LJ-14
    4.30069e+01    1.97467e+02    1.23914e+02    4.13590e+00    4.07150e+01
     Coulomb-14        LJ (SR)  Disper. corr.   Coulomb (SR)   Coul. recip.
    1.42833e+03    5.94264e+03   -3.15512e+02   -4.48780e+04    2.60095e+02
 Position Rest.      Potential    Kinetic En.   Total Energy  Conserved En.
    1.70982e+01   -3.71361e+04    6.70581e+03   -3.04303e+04   -3.46983e+04
    Temperature Pres. DC (bar) Pressure (bar)   Constr. rmsd
    2.96026e+02   -1.86465e+02    2.21908e+02    3.13384e-06

           Step           Time
          14000       28.00000

   Energies (kJ/mol)
           Bond          Angle    Proper Dih.  Improper Dih.          LJ-14
    5.07611e+01    1.70071e+02    1.43841e+02    9.74727e+00    3.65429e+01
     Coulomb-14        LJ (SR)  Disper. corr.   Coulomb (SR)   Coul. recip.
    1.46289e+03    5.47688e+03   -3.15512e+02   -4.43030e+04    2.70636e+02
 Position Rest.      Potential    Kinetic En.   Total Energy  Conserved En.
    2.66540e+01   -3.69705e+04    6.84884e+03   -3.01216e+04   -3.47039e+04
    Temperature Pres. DC (bar) Pressure (bar)   Constr. rmsd
    3.02340e+02   -1.86465e+02   -6.99660e+02    2.35791e-06

           Step           Time
          14500       29.00000

   Energies (kJ/mol)
           Bond          Angle    Proper Dih.  Improper Dih.          LJ-14
    3.01908e+01    1.72909e+02    1.26343e+02    4.27144e+00    5.23355e+01
     Coulomb-14        LJ (SR)  Disper. corr.   Coulomb (SR)   Coul. recip.
    1.44234e+03    5.45146e+03   -3.15512e+02   -4.44680e+04    2.68093e+02
 Position Rest.      Potential    Kinetic En.   Total Energy  Conserved En.
    3.69590e+01   -3.71986e+04    6.72724e+03   -3.04714e+04   -3.47049e+04
    Temperature Pres. DC (bar) Pressure (bar)   Constr. rmsd
    2.96972e+02   -1.86465e+02   -9.32892e+02    2.31328e-06

           Step           Time
          15000       30.00000

   Energies (kJ/mol)
           Bond          Angle    Proper Dih.  Improper Dih.          LJ-14
    4.77101e+01    1.92742e+02    1.29461e+02    3.31999e+00    3.36755e+01
     Coulomb-14        LJ (SR)  Disper. corr.   Coulomb (SR)   Coul. recip.
    1.44205e+03    5.37833e+03   -3.15512e+02   -4.42725e+04    2.40815e+02
 Position Rest.      Potential    Kinetic En.   Total Energy  Conserved En.
    1.27211e+01   -3.71072e+04    6.76741e+03   -3.03398e+04   -3.47087e+04
    Temperature Pres. DC (bar) Pressure (bar)   Constr. rmsd
    2.98746e+02   -1.86465e+02   -5.95275e+02    2.42171e-06

           Step           Time
          15500       31.00000

   Energies (kJ/mol)
           Bond          Angle    Proper Dih.  Improper Dih.          LJ-14
    4.32451e+01    1.68743e+02    1.36608e+02    3.06426e+00    4.08402e+01
     Coulomb-14        LJ (SR)  Disper. corr.   Coulomb (SR)   Coul. recip.
    1.47246e+03    5.61718e+03   -3.15512e+02   -4.46724e+04    2.75796e+02
 Position Rest.      Potential    Kinetic En.   Total Energy  Conserved En.
    2.34302e+01   -3.72066e+04    6.66143e+03   -3.05451e+04   -3.47135e+04
    Temperature Pres. DC (bar) Pressure (bar)   Constr. rmsd
    2.94067e+02   -1.86465e+02    1.63380e+02    2.07220e-06

           Step           Time
          16000       32.00000

   Energies (kJ/mol)
           Bond          Angle    Proper Dih.  Improper Dih.          LJ-14
    4.98492e+01    1.54267e+02    1.35429e+02    7.55030e+00    3.87949e+01
     Coulomb-14        LJ (SR)  Disper. corr.   Coulomb (SR)   Coul. recip.
    1.48394e+03    5.61070e+03   -3.15512e+02   -4.46717e+04    2.64726e+02
 Position Rest.      Potential    Kinetic En.   Total Energy  Conserved En.
    1.92510e+01   -3.72227e+04    6.82834e+03   -3.03943e+04   -3.47214e+04
    Temperature Pres. DC (bar) Pressure (bar)   Constr. rmsd
    3.01435e+02   -1.86465e+02   -1.87695e+02    1.00910e-06

           Step           Time
          16500       33.00000

   Energies (kJ/mol)
           Bond          Angle    Proper Dih.  Improper Dih.          LJ-14
    4.57868e+01    1.65282e+02    1.35279e+02    1.35544e+01    4.48634e+01
     Coulomb-14        LJ (SR)  Disper. corr.   Coulomb (SR)   Coul. recip.
    1.45447e+03    5.41413e+03   -3.15512e+02   -4.42329e+04    2.50875e+02
 Position Rest.      Potential    Kinetic En.   Total Energy  Conserved En.
    1.37980e+01   -3.70104e+04    6.85513e+03   -3.01552e+04   -3.47225e+04
    Temperature Pres. DC (bar) Pressure (bar)   Constr. rmsd
    3.02618e+02   -1.86465e+02   -1.33404e+02    1.72892e-06

           Step           Time
          17000       34.00000

   Energies (kJ/mol)
           Bond          Angle    Proper Dih.  Improper Dih.          LJ-14
    4.36971e+01    2.02284e+02    1.28554e+02    4.23676e+00    4.42418e+01
     Coulomb-14        LJ (SR)  Disper. corr.   Coulomb (SR)   Coul. recip.
    1.46643e+03    5.24161e+03   -3.15512e+02   -4.40846e+04    2.60057e+02
 Position Rest.      Potential    Kinetic En.   Total Energy  Conserved En.
    2.38334e+01   -3.69852e+04    6.94656e+03   -3.00386e+04   -3.47171e+04
    Temperature Pres. DC (bar) Pressure (bar)   Constr. rmsd
    3.06654e+02   -1.86465e+02   -3.78448e+02    1.61389e-06

           Step           Time
          17500       35.00000

   Energies (kJ/mol)
           Bond          Angle    Proper Dih.  Improper Dih.          LJ-14
    4.13356e+01    2.00181e+02    1.24936e+02    5.88850e+00    3.66002e+01
     Coulomb-14        LJ (SR)  Disper. corr.   Coulomb (SR)   Coul. recip.
    1.47615e+03    5.58221e+03   -3.15512e+02   -4.45710e+04    2.74667e+02
 Position Rest.      Potential    Kinetic En.   Total Energy  Conserved En.
    2.43183e+01   -3.71202e+04    6.81040e+03   -3.03098e+04   -3.47189e+04
    Temperature Pres. DC (bar) Pressure (bar)   Constr. rmsd
    3.00644e+02   -1.86465e+02   -5.91187e+02    1.56862e-06

           Step           Time
          18000       36.00000

   Energies (kJ/mol)
           Bond          Angle    Proper Dih.  Improper Dih.          LJ-14
    3.35842e+01    1.97482e+02    1.35134e+02    4.03630e+00    4.20419e+01
     Coulomb-14        LJ (SR)  Disper. corr.   Coulomb (SR)   Coul. recip.
    1.45011e+03    5.49136e+03   -3.15512e+02   -4.43914e+04    2.82464e+02
 Position Rest.      Potential    Kinetic En.   Total Energy  Conserved En.
    1.91342e+01   -3.70516e+04    6.69013e+03   -3.03615e+04   -3.47166e+04
    Temperature Pres. DC (bar) Pressure (bar)   Constr. rmsd
    2.95334e+02   -1.86465e+02   -1.54081e+02    2.02014e-06

           Step           Time
          18500       37.00000

   Energies (kJ/mol)
           Bond          Angle    Proper Dih.  Improper Dih.          LJ-14
    3.90704e+01    1.77322e+02    1.40095e+02    4.01664e+00    3.89927e+01
     Coulomb-14        LJ (SR)  Disper. corr.   Coulomb (SR)   Coul. recip.
    1.44500e+03    5.36386e+03   -3.15512e+02   -4.43351e+04    2.71419e+02
 Position Rest.      Potential    Kinetic En.   Total Energy  Conserved En.
    2.80528e+01   -3.71428e+04    6.77272e+03   -3.03701e+04   -3.47225e+04
    Temperature Pres. DC (bar) Pressure (bar)   Constr. rmsd
    2.98980e+02   -1.86465e+02   -9.57920e+02    5.46241e-06

           Step           Time
          19000       38.00000

   Energies (kJ/mol)
           Bond          Angle    Proper Dih.  Improper Dih.          LJ-14
    6.83088e+01    1.80053e+02    1.33128e+02    4.04634e+00    3.92778e+01
     Coulomb-14        LJ (SR)  Disper. corr.   Coulomb (SR)   Coul. recip.
    1.45063e+03    5.80122e+03   -3.15512e+02   -4.46510e+04    2.60341e+02
 Position Rest.      Potential    Kinetic En.   Total Energy  Conserved En.
    1.75359e+01   -3.70120e+04    6.69559e+03   -3.03164e+04   -3.47218e+04
    Temperature Pres. DC (bar) Pressure (bar)   Constr. rmsd
    2.95575e+02   -1.86465e+02    7.70929e+01    2.79579e-06

           Step           Time
          19500       39.00000

   Energies (kJ/mol)
           Bond          Angle    Proper Dih.  Improper Dih.          LJ-14
    4.36186e+01    2.02886e+02    1.32657e+02    3.53083e+00    3.60348e+01
     Coulomb-14        LJ (SR)  Disper. corr.   Coulomb (SR)   Coul. recip.
    1.46319e+03    5.24933e+03   -3.15512e+02   -4.42130e+04    2.46721e+02
 Position Rest.      Potential    Kinetic En.   Total Energy  Conserved En.
    1.94981e+01   -3.71310e+04    6.81715e+03   -3.03139e+04   -3.47278e+04
    Temperature Pres. DC (bar) Pressure (bar)   Constr. rmsd
    3.00941e+02   -1.86465e+02   -1.07050e+03    7.72961e-07

           Step           Time
          20000       40.00000

   Energies (kJ/mol)
           Bond          Angle    Proper Dih.  Improper Dih.          LJ-14
    3.42762e+01    1.74687e+02    1.25397e+02    3.19902e+00    4.46560e+01
     Coulomb-14        LJ (SR)  Disper. corr.   Coulomb (SR)   Coul. recip.
    1.48989e+03    5.60005e+03   -3.15512e+02   -4.50197e+04    2.41073e+02
 Position Rest.      Potential    Kinetic En.   Total Energy  Conserved En.
    2.46910e+01   -3.75973e+04    6.75841e+03   -3.08389e+04   -3.47281e+04
    Temperature Pres. DC (bar) Pressure (bar)   Constr. rmsd
    2.98348e+02   -1.86465e+02   -8.28459e+02    9.64468e-07

           Step           Time
          20500       41.00000

   Energies (kJ/mol)
           Bond          Angle    Proper Dih.  Improper Dih.          LJ-14
    2.57649e+01    1.78777e+02    1.30635e+02    6.76619e+00    3.96597e+01
     Coulomb-14        LJ (SR)  Disper. corr.   Coulomb (SR)   Coul. recip.
    1.45665e+03    5.56574e+03   -3.15512e+02   -4.48049e+04    2.57135e+02
 Position Rest.      Potential    Kinetic En.   Total Energy  Conserved En.
    2.17054e+01   -3.74376e+04    6.48728e+03   -3.09503e+04   -3.47289e+04
    Temperature Pres. DC (bar) Pressure (bar)   Constr. rmsd
    2.86379e+02   -1.86465e+02   -2.49351e+02    9.62624e-07

           Step           Time
          21000       42.00000

   Energies (kJ/mol)
           Bond          Angle    Proper Dih.  Improper Dih.          LJ-14
    3.48656e+01    1.60334e+02    1.25884e+02    4.89208e+00    4.52837e+01
     Coulomb-14        LJ (SR)  Disper. corr.   Coulomb (SR)   Coul. recip.
    1.44022e+03    5.62867e+03   -3.15512e+02   -4.47170e+04    2.77612e+02
 Position Rest.      Potential    Kinetic En.   Total Energy  Conserved En.
    2.22236e+01   -3.72925e+04    6.61029e+03   -3.06822e+04   -3.47287e+04
    Temperature Pres. DC (bar) Pressure (bar)   Constr. rmsd
    2.91810e+02   -1.86465e+02   -4.22723e+02    2.39424e-06

           Step           Time
          21500       43.00000

   Energies (kJ/mol)
           Bond          Angle    Proper Dih.  Improper Dih.          LJ-14
    4.76837e+01    1.88265e+02    1.23266e+02    8.29948e+00    4.16539e+01
     Coulomb-14        LJ (SR)  Disper. corr.   Coulomb (SR)   Coul. recip.
    1.41363e+03    5.68724e+03   -3.15512e+02   -4.49307e+04    2.75916e+02
 Position Rest.      Potential    Kinetic En.   Total Energy  Conserved En.
    1.90220e+01   -3.74413e+04    7.09185e+03   -3.03494e+04   -3.47284e+04
    Temperature Pres. DC (bar) Pressure (bar)   Constr. rmsd
    3.13068e+02   -1.86465e+02   -2.65414e+02    3.94929e-06

           Step           Time
          22000       44.00000

   Energies (kJ/mol)
           Bond          Angle    Proper Dih.  Improper Dih.          LJ-14
    3.74766e+01    1.74993e+02    1.32700e+02    3.39517e+00    4.02732e+01
     Coulomb-14        LJ (SR)  Disper. corr.   Coulomb (SR)   Coul. recip.
    1.43085e+03    5.41306e+03   -3.15512e+02   -4.44773e+04    2.73467e+02
 Position Rest.      Potential    Kinetic En.   Total Energy  Conserved En.
    2.17704e+01   -3.72648e+04    6.83032e+03   -3.04345e+04   -3.47298e+04
    Temperature Pres. DC (bar) Pressure (bar)   Constr. rmsd
    3.01523e+02   -1.86465e+02   -4.19864e+02    4.90357e-06

           Step           Time
          22500       45.00000

   Energies (kJ/mol)
           Bond          Angle    Proper Dih.  Improper Dih.          LJ-14
    4.28480e+01    2.01555e+02    1.24242e+02    4.11044e+00    5.21408e+01
     Coulomb-14        LJ (SR)  Disper. corr.   Coulomb (SR)   Coul. recip.
    1.47343e+03    5.57019e+03   -3.15512e+02   -4.47398e+04    2.87604e+02
 Position Rest.      Potential    Kinetic En.   Total Energy  Conserved En.
    3.10746e+01   -3.72681e+04    7.08245e+03   -3.01856e+04   -3.47332e+04
    Temperature Pres. DC (bar) Pressure (bar)   Constr. rmsd
    3.12653e+02   -1.86465e+02   -7.02917e+01    2.66135e-06

           Step           Time
          23000       46.00000

   Energies (kJ/mol)
           Bond          Angle    Proper Dih.  Improper Dih.          LJ-14
    4.03981e+01    1.71143e+02    1.25864e+02    3.94124e+00    4.99175e+01
     Coulomb-14        LJ (SR)  Disper. corr.   Coulomb (SR)   Coul. recip.
    1.44853e+03    5.16192e+03   -3.15512e+02   -4.40031e+04    2.76812e+02
 Position Rest.      Potential    Kinetic En.   Total Energy  Conserved En.
    2.73437e+01   -3.70128e+04    6.77832e+03   -3.02344e+04   -3.47336e+04
    Temperature Pres. DC (bar) Pressure (bar)   Constr. rmsd
    2.99227e+02   -1.86465e+02   -7.47098e+02    2.59216e-06

           Step           Time
          23500       47.00000

   Energies (kJ/mol)
           Bond          Angle    Proper Dih.  Improper Dih.          LJ-14
    4.29440e+01    1.71360e+02    1.50818e+02    1.18428e+01    3.74299e+01
     Coulomb-14        LJ (SR)  Disper. corr.   Coulomb (SR)   Coul. recip.
    1.45009e+03    5.34019e+03   -3.15512e+02   -4.43514e+04    2.61555e+02
 Position Rest.      Potential    Kinetic En.   Total Energy  Conserved En.
    1.96503e+01   -3.71810e+04    6.71240e+03   -3.04686e+04   -3.47272e+04
    Temperature Pres. DC (bar) Pressure (bar)   Constr. rmsd
    2.96317e+02   -1.86465e+02   -3.81649e+02    1.97432e-06

           Step           Time
          24000       48.00000

   Energies (kJ/mol)
           Bond          Angle    Proper Dih.  Improper Dih.          LJ-14
    4.30149e+01    1.69589e+02    1.51917e+02    1.26098e+01    5.88861e+01
     Coulomb-14        LJ (SR)  Disper. corr.   Coulomb (SR)   Coul. recip.
    1.47110e+03    5.38449e+03   -3.15512e+02   -4.43116e+04    2.59919e+02
 Position Rest.      Potential    Kinetic En.   Total Energy  Conserved En.
    2.37898e+01   -3.70518e+04    6.83412e+03   -3.02177e+04   -3.47332e+04
    Temperature Pres. DC (bar) Pressure (bar)   Constr. rmsd
    3.01690e+02   -1.86465e+02   -2.07575e+02    4.16937e-06

           Step           Time
          24500       49.00000

   Energies (kJ/mol)
           Bond          Angle    Proper Dih.  Improper Dih.          LJ-14
    5.18742e+01    1.75545e+02    1.36104e+02    5.87297e+00    3.82000e+01
     Coulomb-14        LJ (SR)  Disper. corr.   Coulomb (SR)   Coul. recip.
    1.47767e+03    5.56176e+03   -3.15512e+02   -4.46002e+04    2.75070e+02
 Position Rest.      Potential    Kinetic En.   Total Energy  Conserved En.
    2.65278e+01   -3.71671e+04    6.67473e+03   -3.04924e+04   -3.47290e+04
    Temperature Pres. DC (bar) Pressure (bar)   Constr. rmsd
    2.94654e+02   -1.86465e+02   -5.23332e+02    1.44054e-06

           Step           Time
          25000       50.00000

   Energies (kJ/mol)
           Bond          Angle    Proper Dih.  Improper Dih.          LJ-14
    3.99809e+01    1.75975e+02    1.28572e+02    3.34840e+00    4.04088e+01
     Coulomb-14        LJ (SR)  Disper. corr.   Coulomb (SR)   Coul. recip.
    1.45527e+03    5.37970e+03   -3.15512e+02   -4.44638e+04    2.65671e+02
 Position Rest.      Potential    Kinetic En.   Total Energy  Conserved En.
    2.53773e+01   -3.72651e+04    6.74504e+03   -3.05200e+04   -3.47341e+04
    Temperature Pres. DC (bar) Pressure (bar)   Constr. rmsd
    2.97758e+02   -1.86465e+02   -8.45417e+02    1.11026e-06

           Step           Time
          25500       51.00000

   Energies (kJ/mol)
           Bond          Angle    Proper Dih.  Improper Dih.          LJ-14
    4.93030e+01    1.67997e+02    1.41151e+02    8.87606e+00    4.97925e+01
     Coulomb-14        LJ (SR)  Disper. corr.   Coulomb (SR)   Coul. recip.
    1.47743e+03    5.65515e+03   -3.15512e+02   -4.47087e+04    2.51090e+02
 Position Rest.      Potential    Kinetic En.   Total Energy  Conserved En.
    1.22277e+01   -3.72112e+04    6.77886e+03   -3.04323e+04   -3.47328e+04
    Temperature Pres. DC (bar) Pressure (bar)   Constr. rmsd
    2.99251e+02   -1.86465e+02   -8.06151e+01    4.45929e-06

           Step           Time
          26000       52.00000

   Energies (kJ/mol)
           Bond          Angle    Proper Dih.  Improper Dih.          LJ-14
    3.73797e+01    1.68433e+02    1.55608e+02    4.24702e+00    4.18270e+01
     Coulomb-14        LJ (SR)  Disper. corr.   Coulomb (SR)   Coul. recip.
    1.44561e+03    5.49199e+03   -3.15512e+02   -4.44715e+04    2.38532e+02
 Position Rest.      Potential    Kinetic En.   Total Energy  Conserved En.
    3.43997e+01   -3.71690e+04    6.68456e+03   -3.04844e+04   -3.47347e+04
    Temperature Pres. DC (bar) Pressure (bar)   Constr. rmsd
    2.95088e+02   -1.86465e+02   -7.07654e+02    1.59610e-06

           Step           Time
          26500       53.00000

   Energies (kJ/mol)
           Bond          Angle    Proper Dih.  Improper Dih.          LJ-14
    3.85699e+01    1.98565e+02    1.33699e+02    4.96350e+00    3.77127e+01
     Coulomb-14        LJ (SR)  Disper. corr.   Coulomb (SR)   Coul. recip.
    1.47972e+03    5.89953e+03   -3.15512e+02   -4.52480e+04    2.41168e+02
 Position Rest.      Potential    Kinetic En.   Total Energy  Conserved En.
    2.52373e+01   -3.75043e+04    6.77122e+03   -3.07331e+04   -3.47356e+04
    Temperature Pres. DC (bar) Pressure (bar)   Constr. rmsd
    2.98914e+02   -1.86465e+02   -2.17449e+02    1.42369e-06

           Step           Time
          27000       54.00000

   Energies (kJ/mol)
           Bond          Angle    Proper Dih.  Improper Dih.          LJ-14
    3.69825e+01    2.05273e+02    1.35949e+02    1.76955e+01    3.59807e+01
     Coulomb-14        LJ (SR)  Disper. corr.   Coulomb (SR)   Coul. recip.
    1.45445e+03    5.38226e+03   -3.15512e+02   -4.41707e+04    2.41806e+02
 Position Rest.      Potential    Kinetic En.   Total Energy  Conserved En.
    2.75577e+01   -3.69482e+04    6.88923e+03   -3.00590e+04   -3.47359e+04
    Temperature Pres. DC (bar) Pressure (bar)   Constr. rmsd
    3.04123e+02   -1.86465e+02   -6.14182e+02    7.84211e-07

           Step           Time
          27500       55.00000

   Energies (kJ/mol)
           Bond          Angle    Proper Dih.  Improper Dih.          LJ-14
    4.47886e+01    1.86525e+02    1.34242e+02    6.45213e+00    4.39279e+01
     Coulomb-14        LJ (SR)  Disper. corr.   Coulomb (SR)   Coul. recip.
    1.50099e+03    5.64449e+03   -3.15512e+02   -4.43508e+04    2.78061e+02
 Position Rest.      Potential    Kinetic En.   Total Energy  Conserved En.
    3.12387e+01   -3.67956e+04    6.97049e+03   -2.98251e+04   -3.47368e+04
    Temperature Pres. DC (bar) Pressure (bar)   Constr. rmsd
    3.07711e+02   -1.86465e+02   -9.62078e+01    3.09103e-06

           Step           Time
          28000       56.00000

   Energies (kJ/mol)
           Bond          Angle    Proper Dih.  Improper Dih.          LJ-14
    5.33581e+01    1.47600e+02    1.33332e+02    6.21290e+00    4.30579e+01
     Coulomb-14        LJ (SR)  Disper. corr.   Coulomb (SR)   Coul. recip.
    1.44293e+03    5.29998e+03   -3.15512e+02   -4.41247e+04    2.65465e+02
 Position Rest.      Potential    Kinetic En.   Total Energy  Conserved En.
    3.36613e+01   -3.70146e+04    6.77449e+03   -3.02401e+04   -3.47395e+04
    Temperature Pres. DC (bar) Pressure (bar)   Constr. rmsd
    2.99058e+02   -1.86465e+02   -7.92001e+02    3.25666e-06

           Step           Time
          28500       57.00000

   Energies (kJ/mol)
           Bond          Angle    Proper Dih.  Improper Dih.          LJ-14
    8.02821e+01    1.89019e+02    1.24151e+02    1.23278e+01    5.09512e+01
     Coulomb-14        LJ (SR)  Disper. corr.   Coulomb (SR)   Coul. recip.
    1.44238e+03    5.13335e+03   -3.15512e+02   -4.37515e+04    2.74998e+02
 Position Rest.      Potential    Kinetic En.   Total Energy  Conserved En.
    2.64756e+01   -3.67330e+04    7.06202e+03   -2.96710e+04   -3.47409e+04
    Temperature Pres. DC (bar) Pressure (bar)   Constr. rmsd
    3.11751e+02   -1.86465e+02   -7.99463e+02    2.98584e-06

           Step           Time
          29000       58.00000

   Energies (kJ/mol)
           Bond          Angle    Proper Dih.  Improper Dih.          LJ-14
    4.36967e+01    1.76407e+02    1.19477e+02    3.69728e+00    4.67922e+01
     Coulomb-14        LJ (SR)  Disper. corr.   Coulomb (SR)   Coul. recip.
    1.48079e+03    5.08451e+03   -3.15512e+02   -4.40004e+04    2.57780e+02
 Position Rest.      Potential    Kinetic En.   Total Energy  Conserved En.
    1.96169e+01   -3.70831e+04    6.84634e+03   -3.02368e+04   -3.47443e+04
    Temperature Pres. DC (bar) Pressure (bar)   Constr. rmsd
    3.02230e+02   -1.86465e+02   -1.12337e+03    3.95930e-06

           Step           Time
          29500       59.00000

   Energies (kJ/mol)
           Bond          Angle    Proper Dih.  Improper Dih.          LJ-14
    5.06624e+01    1.85526e+02    1.20312e+02    8.13719e+00    4.47028e+01
     Coulomb-14        LJ (SR)  Disper. corr.   Coulomb (SR)   Coul. recip.
    1.45533e+03    5.79333e+03   -3.15512e+02   -4.50299e+04    2.58417e+02
 Position Rest.      Potential    Kinetic En.   Total Energy  Conserved En.
    1.83758e+01   -3.74106e+04    6.94440e+03   -3.04662e+04   -3.47377e+04
    Temperature Pres. DC (bar) Pressure (bar)   Constr. rmsd
    3.06559e+02   -1.86465e+02   -2.10133e+02    1.41076e-06

           Step           Time
          30000       60.00000

   Energies (kJ/mol)
           Bond          Angle    Proper Dih.  Improper Dih.          LJ-14
    3.90900e+01    2.35082e+02    1.28043e+02    9.78439e+00    5.46471e+01
     Coulomb-14        LJ (SR)  Disper. corr.   Coulomb (SR)   Coul. recip.
    1.48285e+03    5.52428e+03   -3.15512e+02   -4.42732e+04    2.63524e+02
 Position Rest.      Potential    Kinetic En.   Total Energy  Conserved En.
    4.27692e+01   -3.68086e+04    7.14275e+03   -2.96659e+04   -3.47430e+04
    Temperature Pres. DC (bar) Pressure (bar)   Constr. rmsd
    3.15315e+02   -1.86465e+02   -3.81282e+02    2.99131e-06

           Step           Time
          30500       61.00000

   Energies (kJ/mol)
           Bond          Angle    Proper Dih.  Improper Dih.          LJ-14
    3.24482e+01    1.99362e+02    1.34783e+02    7.64928e+00    5.01367e+01
     Coulomb-14        LJ (SR)  Disper. corr.   Coulomb (SR)   Coul. recip.
    1.45987e+03    5.54629e+03   -3.15512e+02   -4.44384e+04    2.48011e+02
 Position Rest.      Potential    Kinetic En.   Total Energy  Conserved En.
    2.77529e+01   -3.70476e+04    6.94342e+03   -3.01042e+04   -3.47443e+04
    Temperature Pres. DC (bar) Pressure (bar)   Constr. rmsd
    3.06515e+02   -1.86465e+02   -4.52766e+02    1.84575e-06

           Step           Time
          31000       62.00000

   Energies (kJ/mol)
           Bond          Angle    Proper Dih.  Improper Dih.          LJ-14
    3.38446e+01    1.80719e+02    1.33877e+02    1.24719e+01    4.37320e+01
     Coulomb-14        LJ (SR)  Disper. corr.   Coulomb (SR)   Coul. recip.
    1.43529e+03    5.47482e+03   -3.15512e+02   -4.42542e+04    2.63652e+02
 Position Rest.      Potential    Kinetic En.   Total Energy  Conserved En.
    1.79943e+01   -3.69733e+04    6.67609e+03   -3.02972e+04   -3.47387e+04
    Temperature Pres. DC (bar) Pressure (bar)   Constr. rmsd
    2.94715e+02   -1.86465e+02    5.40827e+01    1.63140e-06

           Step           Time
          31500       63.00000

   Energies (kJ/mol)
           Bond          Angle    Proper Dih.  Improper Dih.          LJ-14
    4.15235e+01    1.68479e+02    1.24131e+02    4.99023e+00    4.20472e+01
     Coulomb-14        LJ (SR)  Disper. corr.   Coulomb (SR)   Coul. recip.
    1.46957e+03    5.30628e+03   -3.15512e+02   -4.42463e+04    2.70789e+02
 Position Rest.      Potential    Kinetic En.   Total Energy  Conserved En.
    1.15936e+01   -3.71224e+04    6.50955e+03   -3.06129e+04   -3.47412e+04
    Temperature Pres. DC (bar) Pressure (bar)   Constr. rmsd
    2.87363e+02   -1.86465e+02   -1.01915e+03    3.16590e-06

           Step           Time
          32000       64.00000

   Energies (kJ/mol)
           Bond          Angle    Proper Dih.  Improper Dih.          LJ-14
    2.54547e+01    1.84533e+02    1.21604e+02    5.24804e+00    4.31545e+01
     Coulomb-14        LJ (SR)  Disper. corr.   Coulomb (SR)   Coul. recip.
    1.44881e+03    5.40548e+03   -3.15512e+02   -4.42680e+04    2.48282e+02
 Position Rest.      Potential    Kinetic En.   Total Energy  Conserved En.
    1.89689e+01   -3.70819e+04    6.71873e+03   -3.03632e+04   -3.47410e+04
    Temperature Pres. DC (bar) Pressure (bar)   Constr. rmsd
    2.96597e+02   -1.86465e+02   -2.70440e+02    8.88710e-07

           Step           Time
          32500       65.00000

   Energies (kJ/mol)
           Bond          Angle    Proper Dih.  Improper Dih.          LJ-14
    5.99351e+01    1.80244e+02    1.29678e+02    6.92715e+00    3.63173e+01
     Coulomb-14        LJ (SR)  Disper. corr.   Coulomb (SR)   Coul. recip.
    1.45241e+03    5.19079e+03   -3.15512e+02   -4.42561e+04    2.56446e+02
 Position Rest.      Potential    Kinetic En.   Total Energy  Conserved En.
    3.21101e+01   -3.72268e+04    6.82809e+03   -3.03987e+04   -3.47391e+04
    Temperature Pres. DC (bar) Pressure (bar)   Constr. rmsd
    3.01424e+02   -1.86465e+02   -1.38665e+03    3.40312e-06

           Step           Time
          33000       66.00000

   Energies (kJ/mol)
           Bond          Angle    Proper Dih.  Improper Dih.          LJ-14
    3.50644e+01    1.69371e+02    1.33158e+02    1.68588e+01    4.76282e+01
     Coulomb-14        LJ (SR)  Disper. corr.   Coulomb (SR)   Coul. recip.
    1.48304e+03    5.40139e+03   -3.15512e+02   -4.41699e+04    2.60988e+02
 Position Rest.      Potential    Kinetic En.   Total Energy  Conserved En.
    2.36059e+01   -3.69143e+04    6.65415e+03   -3.02601e+04   -3.47371e+04
    Temperature Pres. DC (bar) Pressure (bar)   Constr. rmsd
    2.93746e+02   -1.86465e+02   -5.39781e+02    2.03139e-06

           Step           Time
          33500       67.00000

   Energies (kJ/mol)
           Bond          Angle    Proper Dih.  Improper Dih.          LJ-14
    5.21579e+01    1.75898e+02    1.27956e+02    1.14606e+01    4.08841e+01
     Coulomb-14        LJ (SR)  Disper. corr.   Coulomb (SR)   Coul. recip.
    1.42081e+03    5.63361e+03   -3.15512e+02   -4.44859e+04    2.63503e+02
 Position Rest.      Potential    Kinetic En.   Total Energy  Conserved En.
    2.39921e+01   -3.70512e+04    6.89244e+03   -3.01587e+04   -3.47379e+04
    Temperature Pres. DC (bar) Pressure (bar)   Constr. rmsd
    3.04265e+02   -1.86465e+02   -3.54870e+02    1.35568e-06

           Step           Time
          34000       68.00000

   Energies (kJ/mol)
           Bond          Angle    Proper Dih.  Improper Dih.          LJ-14
    5.40369e+01    1.98440e+02    1.25456e+02    1.47675e+01    3.84492e+01
     Coulomb-14        LJ (SR)  Disper. corr.   Coulomb (SR)   Coul. recip.
    1.46281e+03    5.21817e+03   -3.15512e+02   -4.39198e+04    2.71513e+02
 Position Rest.      Potential    Kinetic En.   Total Energy  Conserved En.
    2.19873e+01   -3.68297e+04    6.76371e+03   -3.00660e+04   -3.47414e+04
    Temperature Pres. DC (bar) Pressure (bar)   Constr. rmsd
    2.98582e+02   -1.86465e+02   -8.98035e+02    2.12188e-06

           Step           Time
          34500       69.00000

   Energies (kJ/mol)
           Bond          Angle    Proper Dih.  Improper Dih.          LJ-14
    4.08398e+01    2.06050e+02    1.45685e+02    6.04281e+00    4.02872e+01
     Coulomb-14        LJ (SR)  Disper. corr.   Coulomb (SR)   Coul. recip.
    1.46976e+03    5.43830e+03   -3.15512e+02   -4.41226e+04    2.93841e+02
 Position Rest.      Potential    Kinetic En.   Total Energy  Conserved En.
    2.79398e+01   -3.67693e+04    7.19060e+03   -2.95787e+04   -3.47424e+04
    Temperature Pres. DC (bar) Pressure (bar)   Constr. rmsd
    3.17427e+02   -1.86465e+02   -1.31102e+00    1.94343e-06

           Step           Time
          35000       70.00000

   Energies (kJ/mol)
           Bond          Angle    Proper Dih.  Improper Dih.          LJ-14
    5.27327e+01    1.77473e+02    1.32493e+02    1.31470e+01    4.02840e+01
     Coulomb-14        LJ (SR)  Disper. corr.   Coulomb (SR)   Coul. recip.
    1.45514e+03    5.45463e+03   -3.15512e+02   -4.44439e+04    2.69388e+02
 Position Rest.      Potential    Kinetic En.   Total Energy  Conserved En.
    2.50907e+01   -3.71391e+04    6.93500e+03   -3.02041e+04   -3.47455e+04
    Temperature Pres. DC (bar) Pressure (bar)   Constr. rmsd
    3.06144e+02   -1.86465e+02   -5.09747e+02    3.66112e-06

           Step           Time
          35500       71.00000

   Energies (kJ/mol)
           Bond          Angle    Proper Dih.  Improper Dih.          LJ-14
    5.90340e+01    1.89725e+02    1.20155e+02    2.76378e+00    3.91810e+01
     Coulomb-14        LJ (SR)  Disper. corr.   Coulomb (SR)   Coul. recip.
    1.46437e+03    5.41968e+03   -3.15512e+02   -4.43857e+04    2.65812e+02
 Position Rest.      Potential    Kinetic En.   Total Energy  Conserved En.
    2.16293e+01   -3.71189e+04    6.61914e+03   -3.04998e+04   -3.47407e+04
    Temperature Pres. DC (bar) Pressure (bar)   Constr. rmsd
    2.92200e+02   -1.86465e+02   -1.12079e+03    3.69018e-06

           Step           Time
          36000       72.00000

   Energies (kJ/mol)
           Bond          Angle    Proper Dih.  Improper Dih.          LJ-14
    2.68858e+01    1.84017e+02    1.23519e+02    3.98195e+00    4.73372e+01
     Coulomb-14        LJ (SR)  Disper. corr.   Coulomb (SR)   Coul. recip.
    1.46480e+03    5.50786e+03   -3.15512e+02   -4.46585e+04    2.40868e+02
 Position Rest.      Potential    Kinetic En.   Total Energy  Conserved En.
    2.24904e+01   -3.73523e+04    6.98308e+03   -3.03692e+04   -3.47496e+04
    Temperature Pres. DC (bar) Pressure (bar)   Constr. rmsd
    3.08266e+02   -1.86465e+02   -5.05150e+02    3.63131e-06

           Step           Time
          36500       73.00000

   Energies (kJ/mol)
           Bond          Angle    Proper Dih.  Improper Dih.          LJ-14
    4.32722e+01    1.81544e+02    1.27684e+02    4.05126e+00    4.09637e+01
     Coulomb-14        LJ (SR)  Disper. corr.   Coulomb (SR)   Coul. recip.
    1.48029e+03    5.37515e+03   -3.15512e+02   -4.44136e+04    2.71761e+02
 Position Rest.      Potential    Kinetic En.   Total Energy  Conserved En.
    3.17115e+01   -3.71727e+04    6.71169e+03   -3.04610e+04   -3.47461e+04
    Temperature Pres. DC (bar) Pressure (bar)   Constr. rmsd
    2.96286e+02   -1.86465e+02   -6.02746e+02    1.86457e-06

           Step           Time
          37000       74.00000

   Energies (kJ/mol)
           Bond          Angle    Proper Dih.  Improper Dih.          LJ-14
    3.48286e+01    1.40955e+02    1.42296e+02    9.68475e+00    5.17666e+01
     Coulomb-14        LJ (SR)  Disper. corr.   Coulomb (SR)   Coul. recip.
    1.48285e+03    5.41204e+03   -3.15512e+02   -4.42670e+04    2.47535e+02
 Position Rest.      Potential    Kinetic En.   Total Energy  Conserved En.
    4.09700e+01   -3.70196e+04    6.53134e+03   -3.04883e+04   -3.47446e+04
    Temperature Pres. DC (bar) Pressure (bar)   Constr. rmsd
    2.88325e+02   -1.86465e+02   -2.15164e+02    2.52146e-06

           Step           Time
          37500       75.00000

   Energies (kJ/mol)
           Bond          Angle    Proper Dih.  Improper Dih.          LJ-14
    5.66318e+01    1.50429e+02    1.37774e+02    3.34847e+00    4.09909e+01
     Coulomb-14        LJ (SR)  Disper. corr.   Coulomb (SR)   Coul. recip.
    1.46240e+03    5.41784e+03   -3.15512e+02   -4.47082e+04    2.61318e+02
 Position Rest.      Potential    Kinetic En.   Total Energy  Conserved En.
    1.12868e+01   -3.74817e+04    7.02740e+03   -3.04543e+04   -3.47477e+04
    Temperature Pres. DC (bar) Pressure (bar)   Constr. rmsd
    3.10223e+02   -1.86465e+02   -7.84063e+02    2.66286e-06

           Step           Time
          38000       76.00000

   Energies (kJ/mol)
           Bond          Angle    Proper Dih.  Improper Dih.          LJ-14
    3.54945e+01    1.54471e+02    1.36697e+02    3.12231e+00    5.04371e+01
     Coulomb-14        LJ (SR)  Disper. corr.   Coulomb (SR)   Coul. recip.
    1.48426e+03    5.19512e+03   -3.15512e+02   -4.41615e+04    2.44211e+02
 Position Rest.      Potential    Kinetic En.   Total Energy  Conserved En.
    3.32666e+01   -3.71399e+04    6.76003e+03   -3.03799e+04   -3.47514e+04
    Temperature Pres. DC (bar) Pressure (bar)   Constr. rmsd
    2.98420e+02   -1.86465e+02   -1.35350e+03    1.35622e-06

           Step           Time
          38500       77.00000

   Energies (kJ/mol)
           Bond          Angle    Proper Dih.  Improper Dih.          LJ-14
    6.40977e+01    1.79750e+02    1.36908e+02    5.57010e+00    3.81007e+01
     Coulomb-14        LJ (SR)  Disper. corr.   Coulomb (SR)   Coul. recip.
    1.47289e+03    5.63200e+03   -3.15512e+02   -4.46845e+04    2.48495e+02
 Position Rest.      Potential    Kinetic En.   Total Energy  Conserved En.
    2.01457e+01   -3.72020e+04    6.78201e+03   -3.04200e+04   -3.47450e+04
    Temperature Pres. DC (bar) Pressure (bar)   Constr. rmsd
    2.99390e+02   -1.86465e+02   -1.44347e+02    1.50113e-06

           Step           Time
          39000       78.00000

   Energies (kJ/mol)
           Bond          Angle    Proper Dih.  Improper Dih.          LJ-14
    4.81504e+01    1.73722e+02    1.36776e+02    9.15575e+00    4.44684e+01
     Coulomb-14        LJ (SR)  Disper. corr.   Coulomb (SR)   Coul. recip.
    1.44650e+03    5.28461e+03   -3.15512e+02   -4.44067e+04    2.72017e+02
 Position Rest.      Potential    Kinetic En.   Total Energy  Conserved En.
    2.64643e+01   -3.72804e+04    6.93994e+03   -3.03405e+04   -3.47573e+04
    Temperature Pres. DC (bar) Pressure (bar)   Constr. rmsd
    3.06362e+02   -1.86465e+02   -1.04113e+03    2.95036e-06

           Step           Time
          39500       79.00000

   Energies (kJ/mol)
           Bond          Angle    Proper Dih.  Improper Dih.          LJ-14
    3.49479e+01    1.76694e+02    1.25998e+02    8.69039e+00    4.07857e+01
     Coulomb-14        LJ (SR)  Disper. corr.   Coulomb (SR)   Coul. recip.
    1.47117e+03    5.41001e+03   -3.15512e+02   -4.41913e+04    2.78128e+02
 Position Rest.      Potential    Kinetic En.   Total Energy  Conserved En.
    1.81329e+01   -3.69422e+04    6.97817e+03   -2.99641e+04   -3.47551e+04
    Temperature Pres. DC (bar) Pressure (bar)   Constr. rmsd
    3.08049e+02   -1.86465e+02   -4.34933e+02    2.40333e-06

           Step           Time
          40000       80.00000

   Energies (kJ/mol)
           Bond          Angle    Proper Dih.  Improper Dih.          LJ-14
    4.75480e+01    1.56828e+02    1.26490e+02    5.09934e+00    4.59577e+01
     Coulomb-14        LJ (SR)  Disper. corr.   Coulomb (SR)   Coul. recip.
    1.42566e+03    5.44760e+03   -3.15512e+02   -4.44511e+04    2.43306e+02
 Position Rest.      Potential    Kinetic En.   Total Energy  Conserved En.
    7.17115e+00   -3.72609e+04    6.72032e+03   -3.05406e+04   -3.47550e+04
    Temperature Pres. DC (bar) Pressure (bar)   Constr. rmsd
    2.96667e+02   -1.86465e+02   -5.24051e+02    3.24024e-06

           Step           Time
          40500       81.00000

   Energies (kJ/mol)
           Bond          Angle    Proper Dih.  Improper Dih.          LJ-14
    4.52613e+01    2.24859e+02    1.41077e+02    7.81571e+00    3.53200e+01
     Coulomb-14        LJ (SR)  Disper. corr.   Coulomb (SR)   Coul. recip.
    1.41829e+03    5.03178e+03   -3.15512e+02   -4.37723e+04    2.73063e+02
 Position Rest.      Potential    Kinetic En.   Total Energy  Conserved En.
    1.08941e+01   -3.68994e+04    6.81671e+03   -3.00827e+04   -3.47511e+04
    Temperature Pres. DC (bar) Pressure (bar)   Constr. rmsd
    3.00922e+02   -1.86465e+02   -1.19166e+03    2.50092e-06

           Step           Time
          41000       82.00000

   Energies (kJ/mol)
           Bond          Angle    Proper Dih.  Improper Dih.          LJ-14
    4.56402e+01    1.67407e+02    1.45183e+02    1.35825e+01    2.86894e+01
     Coulomb-14        LJ (SR)  Disper. corr.   Coulomb (SR)   Coul. recip.
    1.45686e+03    5.47593e+03   -3.15512e+02   -4.44220e+04    2.32112e+02
 Position Rest.      Potential    Kinetic En.   Total Energy  Conserved En.
    1.18129e+01   -3.71603e+04    6.86272e+03   -3.02976e+04   -3.47516e+04
    Temperature Pres. DC (bar) Pressure (bar)   Constr. rmsd
    3.02953e+02   -1.86465e+02   -6.47724e+02    2.25582e-06

           Step           Time
          41500       83.00000

   Energies (kJ/mol)
           Bond          Angle    Proper Dih.  Improper Dih.          LJ-14
    4.88539e+01    1.85410e+02    1.25165e+02    1.43886e+01    4.07423e+01
     Coulomb-14        LJ (SR)  Disper. corr.   Coulomb (SR)   Coul. recip.
    1.49301e+03    5.47472e+03   -3.15512e+02   -4.43659e+04    2.79064e+02
 Position Rest.      Potential    Kinetic En.   Total Energy  Conserved En.
    2.51273e+01   -3.69949e+04    6.83582e+03   -3.01591e+04   -3.47514e+04
    Temperature Pres. DC (bar) Pressure (bar)   Constr. rmsd
    3.01766e+02   -1.86465e+02    1.24036e+02    4.40872e-06

           Step           Time
          42000       84.00000

   Energies (kJ/mol)
           Bond          Angle    Proper Dih.  Improper Dih.          LJ-14
    3.38916e+01    1.77391e+02    1.35687e+02    4.16163e+00    4.21619e+01
     Coulomb-14        LJ (SR)  Disper. corr.   Coulomb (SR)   Coul. recip.
    1.46383e+03    5.29168e+03   -3.15512e+02   -4.42272e+04    2.60568e+02
 Position Rest.      Potential    Kinetic En.   Total Energy  Conserved En.
    1.89653e+01   -3.71144e+04    6.76484e+03   -3.03495e+04   -3.47484e+04
    Temperature Pres. DC (bar) Pressure (bar)   Constr. rmsd
    2.98632e+02   -1.86465e+02   -6.68198e+02    3.42206e-06

           Step           Time
          42500       85.00000

   Energies (kJ/mol)
           Bond          Angle    Proper Dih.  Improper Dih.          LJ-14
    2.82353e+01    1.58167e+02    1.24546e+02    6.29902e+00    5.80704e+01
     Coulomb-14        LJ (SR)  Disper. corr.   Coulomb (SR)   Coul. recip.
    1.47390e+03    5.41646e+03   -3.15512e+02   -4.43235e+04    2.82719e+02
 Position Rest.      Potential    Kinetic En.   Total Energy  Conserved En.
    2.14136e+01   -3.70692e+04    6.77176e+03   -3.02974e+04   -3.47517e+04
    Temperature Pres. DC (bar) Pressure (bar)   Constr. rmsd
    2.98938e+02   -1.86465e+02   -2.83334e+02    2.17919e-06

           Step           Time
          43000       86.00000

   Energies (kJ/mol)
           Bond          Angle    Proper Dih.  Improper Dih.          LJ-14
    2.87340e+01    1.77410e+02    1.36789e+02    8.76796e+00    4.06248e+01
     Coulomb-14        LJ (SR)  Disper. corr.   Coulomb (SR)   Coul. recip.
    1.47414e+03    5.70613e+03   -3.15512e+02   -4.47483e+04    2.91103e+02
 Position Rest.      Potential    Kinetic En.   Total Energy  Conserved En.
    1.69722e+01   -3.71832e+04    6.71035e+03   -3.04728e+04   -3.47500e+04
    Temperature Pres. DC (bar) Pressure (bar)   Constr. rmsd
    2.96227e+02   -1.86465e+02    4.01037e+01    1.87391e-06

           Step           Time
          43500       87.00000

   Energies (kJ/mol)
           Bond          Angle    Proper Dih.  Improper Dih.          LJ-14
    3.00144e+01    1.93516e+02    1.26048e+02    3.16264e+00    4.22766e+01
     Coulomb-14        LJ (SR)  Disper. corr.   Coulomb (SR)   Coul. recip.
    1.46697e+03    5.31698e+03   -3.15512e+02   -4.43350e+04    2.60775e+02
 Position Rest.      Potential    Kinetic En.   Total Energy  Conserved En.
    2.38511e+01   -3.71869e+04    6.83153e+03   -3.03554e+04   -3.47503e+04
    Temperature Pres. DC (bar) Pressure (bar)   Constr. rmsd
    3.01576e+02   -1.86465e+02   -8.04063e+02    2.10624e-06

           Step           Time
          44000       88.00000

   Energies (kJ/mol)
           Bond          Angle    Proper Dih.  Improper Dih.          LJ-14
    2.92872e+01    1.84017e+02    1.33032e+02    1.74988e+01    3.53229e+01
     Coulomb-14        LJ (SR)  Disper. corr.   Coulomb (SR)   Coul. recip.
    1.43073e+03    5.70669e+03   -3.15512e+02   -4.44686e+04    2.96643e+02
 Position Rest.      Potential    Kinetic En.   Total Energy  Conserved En.
    1.80023e+01   -3.69328e+04    6.79741e+03   -3.01354e+04   -3.47543e+04
    Temperature Pres. DC (bar) Pressure (bar)   Constr. rmsd
    3.00070e+02   -1.86465e+02   -2.84554e+01    1.01491e-06

           Step           Time
          44500       89.00000

   Energies (kJ/mol)
           Bond          Angle    Proper Dih.  Improper Dih.          LJ-14
    5.68570e+01    1.78529e+02    1.27181e+02    9.90439e+00    3.60604e+01
     Coulomb-14        LJ (SR)  Disper. corr.   Coulomb (SR)   Coul. recip.
    1.43550e+03    5.56448e+03   -3.15512e+02   -4.43342e+04    2.91601e+02
 Position Rest.      Potential    Kinetic En.   Total Energy  Conserved En.
    5.17748e+01   -3.68978e+04    6.68443e+03   -3.02134e+04   -3.47500e+04
    Temperature Pres. DC (bar) Pressure (bar)   Constr. rmsd
    2.95082e+02   -1.86465e+02   -5.16049e+02    3.69653e-06

           Step           Time
          45000       90.00000

   Energies (kJ/mol)
           Bond          Angle    Proper Dih.  Improper Dih.          LJ-14
    5.28571e+01    1.61990e+02    1.29400e+02    1.23176e+01    3.67298e+01
     Coulomb-14        LJ (SR)  Disper. corr.   Coulomb (SR)   Coul. recip.
    1.44816e+03    5.54344e+03   -3.15512e+02   -4.47599e+04    2.58495e+02
 Position Rest.      Potential    Kinetic En.   Total Energy  Conserved En.
    2.35470e+01   -3.74085e+04    6.60994e+03   -3.07985e+04   -3.47494e+04
    Temperature Pres. DC (bar) Pressure (bar)   Constr. rmsd
    2.91794e+02   -1.86465e+02   -8.35106e+02    1.10827e-06

           Step           Time
          45500       91.00000

   Energies (kJ/mol)
           Bond          Angle    Proper Dih.  Improper Dih.          LJ-14
    6.12421e+01    2.13287e+02    1.24017e+02    9.57691e-01    3.79310e+01
     Coulomb-14        LJ (SR)  Disper. corr.   Coulomb (SR)   Coul. recip.
    1.43357e+03    5.18074e+03   -3.15512e+02   -4.38958e+04    2.63891e+02
 Position Rest.      Potential    Kinetic En.   Total Energy  Conserved En.
    3.05949e+01   -3.68651e+04    6.68570e+03   -3.01794e+04   -3.47500e+04
    Temperature Pres. DC (bar) Pressure (bar)   Constr. rmsd
    2.95138e+02   -1.86465e+02   -9.22820e+02    1.92222e-06

           Step           Time
          46000       92.00000

   Energies (kJ/mol)
           Bond          Angle    Proper Dih.  Improper Dih.          LJ-14
    5.92755e+01    1.92156e+02    1.26826e+02    7.61661e+00    3.94151e+01
     Coulomb-14        LJ (SR)  Disper. corr.   Coulomb (SR)   Coul. recip.
    1.46654e+03    5.36299e+03   -3.15512e+02   -4.41579e+04    2.82407e+02
 Position Rest.      Potential    Kinetic En.   Total Energy  Conserved En.
    1.25190e+01   -3.69237e+04    6.95215e+03   -2.99716e+04   -3.47564e+04
    Temperature Pres. DC (bar) Pressure (bar)   Constr. rmsd
    3.06901e+02   -1.86465e+02   -5.23903e+02    3.06522e-06

           Step           Time
          46500       93.00000

   Energies (kJ/mol)
           Bond          Angle    Proper Dih.  Improper Dih.          LJ-14
    3.00071e+01    1.64836e+02    1.14681e+02    7.85816e+00    4.11846e+01
     Coulomb-14        LJ (SR)  Disper. corr.   Coulomb (SR)   Coul. recip.
    1.45688e+03    5.76864e+03   -3.15512e+02   -4.48861e+04    2.41923e+02
 Position Rest.      Potential    Kinetic En.   Total Energy  Conserved En.
    2.56357e+01   -3.73500e+04    6.77969e+03   -3.05703e+04   -3.47540e+04
    Temperature Pres. DC (bar) Pressure (bar)   Constr. rmsd
    2.99288e+02   -1.86465e+02    9.24842e+01    1.76747e-06

           Step           Time
          47000       94.00000

   Energies (kJ/mol)
           Bond          Angle    Proper Dih.  Improper Dih.          LJ-14
    4.54093e+01    1.73948e+02    1.42987e+02    7.00716e+00    4.74088e+01
     Coulomb-14        LJ (SR)  Disper. corr.   Coulomb (SR)   Coul. recip.
    1.46544e+03    5.48997e+03   -3.15512e+02   -4.43420e+04    2.35745e+02
 Position Rest.      Potential    Kinetic En.   Total Energy  Conserved En.
    3.88997e+01   -3.70107e+04    6.71729e+03   -3.02934e+04   -3.47621e+04
    Temperature Pres. DC (bar) Pressure (bar)   Constr. rmsd
    2.96533e+02   -1.86465e+02   -2.54210e+02    2.90159e-06

           Step           Time
          47500       95.00000

   Energies (kJ/mol)
           Bond          Angle    Proper Dih.  Improper Dih.          LJ-14
    3.99837e+01    1.73442e+02    1.45152e+02    8.26205e+00    4.72416e+01
     Coulomb-14        LJ (SR)  Disper. corr.   Coulomb (SR)   Coul. recip.
    1.45636e+03    5.95385e+03   -3.15512e+02   -4.51461e+04    2.73325e+02
 Position Rest.      Potential    Kinetic En.   Total Energy  Conserved En.
    2.83641e+01   -3.73356e+04    6.82266e+03   -3.05130e+04   -3.47550e+04
    Temperature Pres. DC (bar) Pressure (bar)   Constr. rmsd
    3.01185e+02   -1.86465e+02    2.79013e+02    1.52236e-06

           Step           Time
          48000       96.00000

   Energies (kJ/mol)
           Bond          Angle    Proper Dih.  Improper Dih.          LJ-14
    4.05086e+01    1.64119e+02    1.37563e+02    3.89086e+00    3.37748e+01
     Coulomb-14        LJ (SR)  Disper. corr.   Coulomb (SR)   Coul. recip.
    1.45935e+03    5.52837e+03   -3.15512e+02   -4.45344e+04    2.89344e+02
 Position Rest.      Potential    Kinetic En.   Total Energy  Conserved En.
    2.56332e+01   -3.71674e+04    6.49791e+03   -3.06695e+04   -3.47577e+04
    Temperature Pres. DC (bar) Pressure (bar)   Constr. rmsd
    2.86849e+02   -1.86465e+02   -7.21095e+02    1.68220e-06

           Step           Time
          48500       97.00000

   Energies (kJ/mol)
           Bond          Angle    Proper Dih.  Improper Dih.          LJ-14
    5.50554e+01    1.72039e+02    1.48084e+02    6.32338e+00    4.74769e+01
     Coulomb-14        LJ (SR)  Disper. corr.   Coulomb (SR)   Coul. recip.
    1.43932e+03    5.58555e+03   -3.15512e+02   -4.46862e+04    2.37554e+02
 Position Rest.      Potential    Kinetic En.   Total Energy  Conserved En.
    1.88482e+01   -3.72915e+04    6.80905e+03   -3.04824e+04   -3.47556e+04
    Temperature Pres. DC (bar) Pressure (bar)   Constr. rmsd
    3.00584e+02   -1.86465e+02   -2.76326e+02    2.69335e-06

           Step           Time
          49000       98.00000

   Energies (kJ/mol)
           Bond          Angle    Proper Dih.  Improper Dih.          LJ-14
    2.55054e+01    1.80558e+02    1.45568e+02    8.29929e+00    4.92407e+01
     Coulomb-14        LJ (SR)  Disper. corr.   Coulomb (SR)   Coul. recip.
    1.46153e+03    5.73176e+03   -3.15512e+02   -4.46784e+04    2.59876e+02
 Position Rest.      Potential    Kinetic En.   Total Energy  Conserved En.
    2.11305e+01   -3.71104e+04    6.85827e+03   -3.02521e+04   -3.47626e+04
    Temperature Pres. DC (bar) Pressure (bar)   Constr. rmsd
    3.02756e+02   -1.86465e+02    1.13235e+02    3.00159e-06

           Step           Time
          49500       99.00000

   Energies (kJ/mol)
           Bond          Angle    Proper Dih.  Improper Dih.          LJ-14
    2.76475e+01    1.67709e+02    1.27184e+02    4.42281e+00    5.33053e+01
     Coulomb-14        LJ (SR)  Disper. corr.   Coulomb (SR)   Coul. recip.
    1.47287e+03    5.49606e+03   -3.15512e+02   -4.44827e+04    2.75524e+02
 Position Rest.      Potential    Kinetic En.   Total Energy  Conserved En.
    1.51397e+01   -3.71583e+04    6.71734e+03   -3.04410e+04   -3.47621e+04
    Temperature Pres. DC (bar) Pressure (bar)   Constr. rmsd
    2.96535e+02   -1.86465e+02   -4.39132e+02    3.22825e-06

           Step           Time
          50000      100.00000

Writing checkpoint, step 50000 at Tue Jan 28 01:10:58 2020


   Energies (kJ/mol)
           Bond          Angle    Proper Dih.  Improper Dih.          LJ-14
    5.76095e+01    1.69569e+02    1.26706e+02    6.93919e+00    3.11204e+01
     Coulomb-14        LJ (SR)  Disper. corr.   Coulomb (SR)   Coul. recip.
    1.44989e+03    5.50660e+03   -3.15512e+02   -4.45691e+04    2.66125e+02
 Position Rest.      Potential    Kinetic En.   Total Energy  Conserved En.
    1.23607e+01   -3.72577e+04    6.83041e+03   -3.04273e+04   -3.47610e+04
    Temperature Pres. DC (bar) Pressure (bar)   Constr. rmsd
    3.01527e+02   -1.86465e+02   -6.10009e+02    3.47679e-06

	<======  ###############  ==>
	<====  A V E R A G E S  ====>
	<==  ###############  ======>

	Statistics over 50001 steps using 501 frames

   Energies (kJ/mol)
           Bond          Angle    Proper Dih.  Improper Dih.          LJ-14
    4.40990e+01    1.78195e+02    1.33001e+02    7.48628e+00    4.20559e+01
     Coulomb-14        LJ (SR)  Disper. corr.   Coulomb (SR)   Coul. recip.
    1.45865e+03    5.47062e+03   -3.15512e+02   -4.44530e+04    2.65732e+02
 Position Rest.      Potential    Kinetic En.   Total Energy  Conserved En.
    2.33638e+01   -3.71453e+04    6.79287e+03   -3.03524e+04   -3.47286e+04
    Temperature Pres. DC (bar) Pressure (bar)   Constr. rmsd
    2.99869e+02   -1.86465e+02   -4.79664e+02    0.00000e+00

   Total Virial (kJ/mol)
    2.64115e+03   -1.01944e+01    7.69732e+00
   -1.02108e+01    2.67646e+03   -2.36256e+01
    7.67569e+00   -2.36636e+01    2.69420e+03

   Pressure (bar)
   -4.44205e+02    1.37337e+01   -1.07038e+01
    1.37530e+01   -4.88433e+02    2.55952e+01
   -1.06783e+01    2.56401e+01   -5.06353e+02

      T-ProteinT-Water_and_ions
    3.02960e+02    2.99780e+02


	M E G A - F L O P S   A C C O U N T I N G

 NB=Group-cutoff nonbonded kernels    NxN=N-by-N cluster Verlet kernels
 RF=Reaction-Field  VdW=Van der Waals  QSTab=quadratic-spline table
 W3=SPC/TIP3p  W4=TIP4p (single or pairs)
 V&F=Potential and force  V=Potential only  F=Force only

 Computing:                               M-Number         M-Flops  % Flops
-----------------------------------------------------------------------------
 Pair Search distance check             850.507432        7654.567     0.3
 NxN QSTab Elec. + LJ [F]             34363.305040     1408895.507    51.1
 NxN QSTab Elec. + LJ [V&F]             347.813648       20521.005     0.7
 NxN QSTab Elec. [F]                  32367.009808     1100478.333    39.9
 NxN QSTab Elec. [V&F]                  327.582320       13430.875     0.5
 1,4 nonbonded interactions               7.200144         648.013     0.0
 Calc Weights                           406.208124       14623.492     0.5
 Spread Q Bspline                      8665.773312       17331.547     0.6
 Gather F Bspline                      8665.773312       51994.640     1.9
 3D-FFT                               12699.853992      101598.832     3.7
 Solve PME                               24.000480        1536.031     0.1
 Shift-X                                  2.710708          16.264     0.0
 Bonds                                    1.600032          94.402     0.0
 Angles                                   5.350107         898.818     0.0
 Propers                                  7.050141        1614.482     0.1
 Impropers                                0.650013         135.203     0.0
 Pos. Restr.                              1.600032          80.002     0.0
 Virial                                   1.379253          24.827     0.0
 Stop-CM                                  1.359416          13.594     0.0
 Calc-Ekin                               27.085416         731.306     0.0
 Lincs                                    1.450087          87.005     0.0
 Lincs-Mat                                8.400504          33.602     0.0
 Constraint-V                           135.055402        1080.443     0.0
 Constraint-Vir                           1.338672          32.128     0.0
 Settle                                  44.052643       14229.004     0.5
-----------------------------------------------------------------------------
 Total                                                 2757783.922   100.0
-----------------------------------------------------------------------------


     R E A L   C Y C L E   A N D   T I M E   A C C O U N T I N G

On 1 MPI rank, each using 4 OpenMP threads

 Computing:          Num   Num      Call    Wall time         Giga-Cycles
                     Ranks Threads  Count      (s)         total sum    %
-----------------------------------------------------------------------------
 Neighbor search        1    4       1001       2.262         22.549   2.1
 Force                  1    4      50001      87.356        870.706  81.9
 PME mesh               1    4      50001      13.787        137.419  12.9
 NB X/F buffer ops.     1    4      99001       0.902          8.987   0.8
 Write traj.            1    4        101       0.052          0.519   0.0
 Update                 1    4      50001       0.430          4.284   0.4
 Constraints            1    4      50001       1.297         12.924   1.2
 Rest                                           0.573          5.708   0.5
-----------------------------------------------------------------------------
 Total                                        106.658       1063.096 100.0
-----------------------------------------------------------------------------
 Breakdown of PME mesh computation
-----------------------------------------------------------------------------
 PME spread             1    4      50001       4.746         47.305   4.4
 PME gather             1    4      50001       5.558         55.394   5.2
 PME 3D-FFT             1    4     100002       2.724         27.147   2.6
 PME solve Elec         1    4      50001       0.668          6.655   0.6
-----------------------------------------------------------------------------

               Core t (s)   Wall t (s)        (%)
       Time:      426.630      106.658      400.0
                 (ns/day)    (hour/ns)
Performance:       81.008        0.296
Finished mdrun on rank 0 Tue Jan 28 01:10:58 2020
